{"file":"/home/user/Desktop/sada/autotm-admin/cmd/main.go:37","func":"main.main","level":"error","msg":"psql client does not connect: %v🚫 Error while acquiring connection from the database pool!!","time":"2025-07-03T12:56:10+05:00"}
{"file":"/home/user/Desktop/sada/autotm-admin/cmd/main.go:41","func":"main.main","level":"info","msg":"psql client connected","time":"2025-07-03T12:57:43+05:00"}
{"file":"/home/user/Desktop/sada/autotm-admin/cmd/main.go:70","func":"main.main.func1","level":"info","msg":"Starting the server on port %v:8080","time":"2025-07-03T12:57:43+05:00"}
{"file":"/home/user/Desktop/sada/autotm-admin/cmd/main.go:78","func":"main.main","level":"info","msg":"Shutting down the server","time":"2025-07-03T14:03:13+05:00"}
{"file":"/home/user/Desktop/sada/autotm-admin/cmd/main.go:72","func":"main.main.func1","level":"error","msg":"ListenAndServe: %vhttp: Server closed","time":"2025-07-03T14:03:13+05:00"}
{"file":"/home/user/Desktop/sada/autotm-admin/cmd/main.go:52","func":"main.main","level":"info","msg":"psql client connected","time":"2025-07-03T16:01:07+05:00"}
{"file":"/home/user/Desktop/sada/autotm-admin/cmd/main.go:81","func":"main.main.func1","level":"info","msg":"Starting the server on port %v:8080","time":"2025-07-03T16:01:07+05:00"}
{"file":"/home/user/Desktop/sada/autotm-admin/cmd/main.go:89","func":"main.main","level":"info","msg":"Shutting down the server","time":"2025-07-03T16:03:13+05:00"}
{"file":"/home/user/Desktop/sada/autotm-admin/cmd/main.go:83","func":"main.main.func1","level":"error","msg":"ListenAndServe: %vhttp: Server closed","time":"2025-07-03T16:03:13+05:00"}
{"file":"/home/user/go/pkg/mod/github.com/salamsites/package-http@v0.0.0-20250628132047-590dad0004a9/swagger.go:43","func":"github.com/salamsites/package-http.InitSwagger","level":"info","msg":"Updated Swagger file %s\n./docs/docs.go","time":"2025-07-03T16:03:16+05:00"}
{"file":"/home/user/go/pkg/mod/github.com/salamsites/package-http@v0.0.0-20250628132047-590dad0004a9/swagger.go:43","func":"github.com/salamsites/package-http.InitSwagger","level":"info","msg":"Updated Swagger file %s\n./docs/swagger.json","time":"2025-07-03T16:03:16+05:00"}
{"file":"/home/user/go/pkg/mod/github.com/salamsites/package-http@v0.0.0-20250628132047-590dad0004a9/swagger.go:43","func":"github.com/salamsites/package-http.InitSwagger","level":"info","msg":"Updated Swagger file %s\n./docs/swagger.yaml","time":"2025-07-03T16:03:16+05:00"}
{"file":"/home/user/go/pkg/mod/github.com/salamsites/package-http@v0.0.0-20250628132047-590dad0004a9/swagger.go:46","func":"github.com/salamsites/package-http.InitSwagger","level":"info","msg":"All Swagger files updated successfully!","time":"2025-07-03T16:03:16+05:00"}
{"file":"/home/user/Desktop/sada/autotm-admin/cmd/main.go:52","func":"main.main","level":"info","msg":"psql client connected","time":"2025-07-03T16:03:16+05:00"}
{"file":"/home/user/Desktop/sada/autotm-admin/cmd/main.go:81","func":"main.main.func1","level":"info","msg":"Starting the server on port %v:8080","time":"2025-07-03T16:03:16+05:00"}
{"file":"/home/user/Desktop/sada/autotm-admin/cmd/main.go:89","func":"main.main","level":"info","msg":"Shutting down the server","time":"2025-07-03T16:04:37+05:00"}
{"file":"/home/user/Desktop/sada/autotm-admin/cmd/main.go:83","func":"main.main.func1","level":"error","msg":"ListenAndServe: %vhttp: Server closed","time":"2025-07-03T16:04:37+05:00"}
{"file":"/home/user/go/pkg/mod/github.com/salamsites/package-http@v0.0.0-20250628132047-590dad0004a9/swagger.go:43","func":"github.com/salamsites/package-http.InitSwagger","level":"info","msg":"Updated Swagger file %s\n./docs/docs.go","time":"2025-07-03T16:04:38+05:00"}
{"file":"/home/user/go/pkg/mod/github.com/salamsites/package-http@v0.0.0-20250628132047-590dad0004a9/swagger.go:43","func":"github.com/salamsites/package-http.InitSwagger","level":"info","msg":"Updated Swagger file %s\n./docs/swagger.json","time":"2025-07-03T16:04:38+05:00"}
{"file":"/home/user/go/pkg/mod/github.com/salamsites/package-http@v0.0.0-20250628132047-590dad0004a9/swagger.go:43","func":"github.com/salamsites/package-http.InitSwagger","level":"info","msg":"Updated Swagger file %s\n./docs/swagger.yaml","time":"2025-07-03T16:04:38+05:00"}
{"file":"/home/user/go/pkg/mod/github.com/salamsites/package-http@v0.0.0-20250628132047-590dad0004a9/swagger.go:46","func":"github.com/salamsites/package-http.InitSwagger","level":"info","msg":"All Swagger files updated successfully!","time":"2025-07-03T16:04:38+05:00"}
{"file":"/home/user/go/pkg/mod/github.com/salamsites/package-http@v0.0.0-20250628132047-590dad0004a9/swagger.go:43","func":"github.com/salamsites/package-http.InitSwagger","level":"info","msg":"Updated Swagger file %s\n./docs/docs.go","time":"2025-07-03T16:04:49+05:00"}
{"file":"/home/user/go/pkg/mod/github.com/salamsites/package-http@v0.0.0-20250628132047-590dad0004a9/swagger.go:43","func":"github.com/salamsites/package-http.InitSwagger","level":"info","msg":"Updated Swagger file %s\n./docs/swagger.json","time":"2025-07-03T16:04:49+05:00"}
{"file":"/home/user/go/pkg/mod/github.com/salamsites/package-http@v0.0.0-20250628132047-590dad0004a9/swagger.go:43","func":"github.com/salamsites/package-http.InitSwagger","level":"info","msg":"Updated Swagger file %s\n./docs/swagger.yaml","time":"2025-07-03T16:04:49+05:00"}
{"file":"/home/user/go/pkg/mod/github.com/salamsites/package-http@v0.0.0-20250628132047-590dad0004a9/swagger.go:46","func":"github.com/salamsites/package-http.InitSwagger","level":"info","msg":"All Swagger files updated successfully!","time":"2025-07-03T16:04:49+05:00"}
{"file":"/home/user/go/pkg/mod/github.com/salamsites/package-http@v0.0.0-20250628132047-590dad0004a9/swagger.go:43","func":"github.com/salamsites/package-http.InitSwagger","level":"info","msg":"Updated Swagger file %s\n./docs/docs.go","time":"2025-07-03T16:05:02+05:00"}
{"file":"/home/user/go/pkg/mod/github.com/salamsites/package-http@v0.0.0-20250628132047-590dad0004a9/swagger.go:43","func":"github.com/salamsites/package-http.InitSwagger","level":"info","msg":"Updated Swagger file %s\n./docs/swagger.json","time":"2025-07-03T16:05:02+05:00"}
{"file":"/home/user/go/pkg/mod/github.com/salamsites/package-http@v0.0.0-20250628132047-590dad0004a9/swagger.go:43","func":"github.com/salamsites/package-http.InitSwagger","level":"info","msg":"Updated Swagger file %s\n./docs/swagger.yaml","time":"2025-07-03T16:05:02+05:00"}
{"file":"/home/user/go/pkg/mod/github.com/salamsites/package-http@v0.0.0-20250628132047-590dad0004a9/swagger.go:46","func":"github.com/salamsites/package-http.InitSwagger","level":"info","msg":"All Swagger files updated successfully!","time":"2025-07-03T16:05:02+05:00"}
{"file":"/home/user/go/pkg/mod/github.com/salamsites/package-http@v0.0.0-20250628132047-590dad0004a9/swagger.go:43","func":"github.com/salamsites/package-http.InitSwagger","level":"info","msg":"Updated Swagger file %s\n./docs/docs.go","time":"2025-07-03T16:07:19+05:00"}
{"file":"/home/user/go/pkg/mod/github.com/salamsites/package-http@v0.0.0-20250628132047-590dad0004a9/swagger.go:43","func":"github.com/salamsites/package-http.InitSwagger","level":"info","msg":"Updated Swagger file %s\n./docs/swagger.json","time":"2025-07-03T16:07:19+05:00"}
{"file":"/home/user/go/pkg/mod/github.com/salamsites/package-http@v0.0.0-20250628132047-590dad0004a9/swagger.go:43","func":"github.com/salamsites/package-http.InitSwagger","level":"info","msg":"Updated Swagger file %s\n./docs/swagger.yaml","time":"2025-07-03T16:07:19+05:00"}
{"file":"/home/user/go/pkg/mod/github.com/salamsites/package-http@v0.0.0-20250628132047-590dad0004a9/swagger.go:46","func":"github.com/salamsites/package-http.InitSwagger","level":"info","msg":"All Swagger files updated successfully!","time":"2025-07-03T16:07:19+05:00"}
{"file":"/home/user/Desktop/sada/autotm-admin/cmd/main.go:53","func":"main.main","level":"info","msg":"psql client connected","time":"2025-07-03T16:07:20+05:00"}
{"file":"/home/user/Desktop/sada/autotm-admin/cmd/main.go:82","func":"main.main.func1","level":"info","msg":"Starting the server on port %v:8080","time":"2025-07-03T16:07:20+05:00"}
{"file":"/home/user/Desktop/sada/autotm-admin/cmd/main.go:90","func":"main.main","level":"info","msg":"Shutting down the server","time":"2025-07-03T16:11:08+05:00"}
{"file":"/home/user/Desktop/sada/autotm-admin/cmd/main.go:84","func":"main.main.func1","level":"error","msg":"ListenAndServe: %vhttp: Server closed","time":"2025-07-03T16:11:08+05:00"}
{"file":"/home/user/go/pkg/mod/github.com/salamsites/package-http@v0.0.0-20250628132047-590dad0004a9/swagger.go:43","func":"github.com/salamsites/package-http.InitSwagger","level":"info","msg":"Updated Swagger file %s\n./docs/docs.go","time":"2025-07-03T16:11:39+05:00"}
{"file":"/home/user/go/pkg/mod/github.com/salamsites/package-http@v0.0.0-20250628132047-590dad0004a9/swagger.go:43","func":"github.com/salamsites/package-http.InitSwagger","level":"info","msg":"Updated Swagger file %s\n./docs/swagger.json","time":"2025-07-03T16:11:39+05:00"}
{"file":"/home/user/go/pkg/mod/github.com/salamsites/package-http@v0.0.0-20250628132047-590dad0004a9/swagger.go:43","func":"github.com/salamsites/package-http.InitSwagger","level":"info","msg":"Updated Swagger file %s\n./docs/swagger.yaml","time":"2025-07-03T16:11:39+05:00"}
{"file":"/home/user/go/pkg/mod/github.com/salamsites/package-http@v0.0.0-20250628132047-590dad0004a9/swagger.go:46","func":"github.com/salamsites/package-http.InitSwagger","level":"info","msg":"All Swagger files updated successfully!","time":"2025-07-03T16:11:39+05:00"}
{"file":"/home/user/Desktop/sada/autotm-admin/cmd/main.go:53","func":"main.main","level":"info","msg":"psql client connected","time":"2025-07-03T16:11:40+05:00"}
{"file":"/home/user/Desktop/sada/autotm-admin/cmd/main.go:82","func":"main.main.func1","level":"info","msg":"Starting the server on port %v:8080","time":"2025-07-03T16:11:40+05:00"}
{"file":"/home/user/Desktop/sada/autotm-admin/cmd/main.go:90","func":"main.main","level":"info","msg":"Shutting down the server","time":"2025-07-03T17:27:15+05:00"}
{"file":"/home/user/Desktop/sada/autotm-admin/cmd/main.go:84","func":"main.main.func1","level":"error","msg":"ListenAndServe: %vhttp: Server closed","time":"2025-07-03T17:27:15+05:00"}
{"file":"/home/user/go/pkg/mod/github.com/salamsites/package-http@v0.0.0-20250628132047-590dad0004a9/swagger.go:43","func":"github.com/salamsites/package-http.InitSwagger","level":"info","msg":"Updated Swagger file %s\n./docs/docs.go","time":"2025-07-03T17:51:19+05:00"}
{"file":"/home/user/go/pkg/mod/github.com/salamsites/package-http@v0.0.0-20250628132047-590dad0004a9/swagger.go:43","func":"github.com/salamsites/package-http.InitSwagger","level":"info","msg":"Updated Swagger file %s\n./docs/swagger.json","time":"2025-07-03T17:51:19+05:00"}
{"file":"/home/user/go/pkg/mod/github.com/salamsites/package-http@v0.0.0-20250628132047-590dad0004a9/swagger.go:43","func":"github.com/salamsites/package-http.InitSwagger","level":"info","msg":"Updated Swagger file %s\n./docs/swagger.yaml","time":"2025-07-03T17:51:19+05:00"}
{"file":"/home/user/go/pkg/mod/github.com/salamsites/package-http@v0.0.0-20250628132047-590dad0004a9/swagger.go:46","func":"github.com/salamsites/package-http.InitSwagger","level":"info","msg":"All Swagger files updated successfully!","time":"2025-07-03T17:51:19+05:00"}
{"file":"/home/user/Desktop/sada/autotm-admin/cmd/main.go:53","func":"main.main","level":"info","msg":"psql client connected","time":"2025-07-03T17:51:22+05:00"}
{"file":"/home/user/Desktop/sada/autotm-admin/cmd/main.go:82","func":"main.main.func1","level":"info","msg":"Starting the server on port:8080","time":"2025-07-03T17:51:22+05:00"}
{"file":"/home/user/Desktop/sada/autotm-admin/internal/repository/brand_psql.go:29","func":"autotm-admin/internal/repository.(*BrandPsqlRepository).CreateBrand","level":"error","msg":"create err: can't scan into dest[0] (col: id): cannot scan int4 (OID 23) in binary format into *models.ID","time":"2025-07-03T17:53:22+05:00"}
{"file":"/home/user/Desktop/sada/autotm-admin/internal/services/brand_service.go:47","func":"autotm-admin/internal/services.(*BrandService).CreateBrand","level":"error","msg":"create err: can't scan into dest[0] (col: id): cannot scan int4 (OID 23) in binary format into *models.ID","time":"2025-07-03T17:53:22+05:00"}
{"file":"/home/user/Desktop/sada/autotm-admin/internal/handlers/http/brand.go:90","func":"autotm-admin/internal/handlers/http.(*BrandHandler).v1CreateBrand","level":"error","msg":"unable to create brandcan't scan into dest[0] (col: id): cannot scan int4 (OID 23) in binary format into *models.ID can't scan into dest[0] (col: id): cannot scan int4 (OID 23) in binary format into *models.ID","time":"2025-07-03T17:53:22+05:00"}
{"file":"/home/user/Desktop/sada/autotm-admin/cmd/main.go:90","func":"main.main","level":"info","msg":"Shutting down the server","time":"2025-07-03T17:53:59+05:00"}
{"file":"/home/user/Desktop/sada/autotm-admin/cmd/main.go:84","func":"main.main.func1","level":"error","msg":"ListenAndServe: %vhttp: Server closed","time":"2025-07-03T17:53:59+05:00"}
{"file":"/home/user/go/pkg/mod/github.com/salamsites/package-http@v0.0.0-20250628132047-590dad0004a9/swagger.go:43","func":"github.com/salamsites/package-http.InitSwagger","level":"info","msg":"Updated Swagger file %s\n./docs/docs.go","time":"2025-07-03T17:54:01+05:00"}
{"file":"/home/user/go/pkg/mod/github.com/salamsites/package-http@v0.0.0-20250628132047-590dad0004a9/swagger.go:43","func":"github.com/salamsites/package-http.InitSwagger","level":"info","msg":"Updated Swagger file %s\n./docs/swagger.json","time":"2025-07-03T17:54:01+05:00"}
{"file":"/home/user/go/pkg/mod/github.com/salamsites/package-http@v0.0.0-20250628132047-590dad0004a9/swagger.go:43","func":"github.com/salamsites/package-http.InitSwagger","level":"info","msg":"Updated Swagger file %s\n./docs/swagger.yaml","time":"2025-07-03T17:54:01+05:00"}
{"file":"/home/user/go/pkg/mod/github.com/salamsites/package-http@v0.0.0-20250628132047-590dad0004a9/swagger.go:46","func":"github.com/salamsites/package-http.InitSwagger","level":"info","msg":"All Swagger files updated successfully!","time":"2025-07-03T17:54:01+05:00"}
{"file":"/home/user/Desktop/sada/autotm-admin/cmd/main.go:53","func":"main.main","level":"info","msg":"psql client connected","time":"2025-07-03T17:54:02+05:00"}
{"file":"/home/user/Desktop/sada/autotm-admin/cmd/main.go:82","func":"main.main.func1","level":"info","msg":"Starting the server on port:8080","time":"2025-07-03T17:54:02+05:00"}
{"file":"/home/user/Desktop/sada/autotm-admin/internal/repository/brand_psql.go:29","func":"autotm-admin/internal/repository.(*BrandPsqlRepository).CreateBrand","level":"error","msg":"create err: can't scan into dest[0] (col: id): cannot scan int4 (OID 23) in binary format into *models.ID","time":"2025-07-03T17:54:30+05:00"}
{"file":"/home/user/Desktop/sada/autotm-admin/internal/services/brand_service.go:47","func":"autotm-admin/internal/services.(*BrandService).CreateBrand","level":"error","msg":"create err: can't scan into dest[0] (col: id): cannot scan int4 (OID 23) in binary format into *models.ID","time":"2025-07-03T17:54:30+05:00"}
{"file":"/home/user/Desktop/sada/autotm-admin/internal/handlers/http/brand.go:90","func":"autotm-admin/internal/handlers/http.(*BrandHandler).v1CreateBrand","level":"error","msg":"unable to create brandcan't scan into dest[0] (col: id): cannot scan int4 (OID 23) in binary format into *models.ID can't scan into dest[0] (col: id): cannot scan int4 (OID 23) in binary format into *models.ID","time":"2025-07-03T17:54:30+05:00"}
{"file":"/home/user/Desktop/sada/autotm-admin/cmd/main.go:90","func":"main.main","level":"info","msg":"Shutting down the server","time":"2025-07-03T18:01:25+05:00"}
{"file":"/home/user/Desktop/sada/autotm-admin/cmd/main.go:84","func":"main.main.func1","level":"error","msg":"ListenAndServe: %vhttp: Server closed","time":"2025-07-03T18:01:25+05:00"}
{"file":"/home/user/go/pkg/mod/github.com/salamsites/package-http@v0.0.0-20250628132047-590dad0004a9/swagger.go:43","func":"github.com/salamsites/package-http.InitSwagger","level":"info","msg":"Updated Swagger file %s\n./docs/docs.go","time":"2025-07-03T18:01:27+05:00"}
{"file":"/home/user/go/pkg/mod/github.com/salamsites/package-http@v0.0.0-20250628132047-590dad0004a9/swagger.go:43","func":"github.com/salamsites/package-http.InitSwagger","level":"info","msg":"Updated Swagger file %s\n./docs/swagger.json","time":"2025-07-03T18:01:27+05:00"}
{"file":"/home/user/go/pkg/mod/github.com/salamsites/package-http@v0.0.0-20250628132047-590dad0004a9/swagger.go:43","func":"github.com/salamsites/package-http.InitSwagger","level":"info","msg":"Updated Swagger file %s\n./docs/swagger.yaml","time":"2025-07-03T18:01:27+05:00"}
{"file":"/home/user/go/pkg/mod/github.com/salamsites/package-http@v0.0.0-20250628132047-590dad0004a9/swagger.go:46","func":"github.com/salamsites/package-http.InitSwagger","level":"info","msg":"All Swagger files updated successfully!","time":"2025-07-03T18:01:27+05:00"}
{"file":"/home/user/Desktop/sada/autotm-admin/cmd/main.go:53","func":"main.main","level":"info","msg":"psql client connected","time":"2025-07-03T18:01:28+05:00"}
{"file":"/home/user/Desktop/sada/autotm-admin/cmd/main.go:82","func":"main.main.func1","level":"info","msg":"Starting the server on port:8080","time":"2025-07-03T18:01:28+05:00"}
{"file":"/home/user/Desktop/sada/autotm-admin/internal/repository/brand_psql.go:29","func":"autotm-admin/internal/repository.(*BrandPsqlRepository).CreateBrand","level":"error","msg":"create err: can't scan into dest[0] (col: id): cannot scan int4 (OID 23) in binary format into *models.ID","time":"2025-07-03T18:02:14+05:00"}
{"file":"/home/user/Desktop/sada/autotm-admin/internal/repository/brand_psql.go:29","func":"autotm-admin/internal/repository.(*BrandPsqlRepository).CreateBrand","level":"error","msg":"create err: can't scan into dest[0] (col: id): cannot scan int4 (OID 23) in binary format into *models.ID","time":"2025-07-03T18:04:47+05:00"}
{"file":"/home/user/Desktop/sada/autotm-admin/cmd/main.go:90","func":"main.main","level":"info","msg":"Shutting down the server","time":"2025-07-03T18:08:17+05:00"}
{"file":"/home/user/Desktop/sada/autotm-admin/cmd/main.go:84","func":"main.main.func1","level":"error","msg":"ListenAndServe: %vhttp: Server closed","time":"2025-07-03T18:08:17+05:00"}
{"file":"/home/user/go/pkg/mod/github.com/salamsites/package-http@v0.0.0-20250628132047-590dad0004a9/swagger.go:43","func":"github.com/salamsites/package-http.InitSwagger","level":"info","msg":"Updated Swagger file %s\n./docs/docs.go","time":"2025-07-03T18:08:23+05:00"}
{"file":"/home/user/go/pkg/mod/github.com/salamsites/package-http@v0.0.0-20250628132047-590dad0004a9/swagger.go:43","func":"github.com/salamsites/package-http.InitSwagger","level":"info","msg":"Updated Swagger file %s\n./docs/swagger.json","time":"2025-07-03T18:08:23+05:00"}
{"file":"/home/user/go/pkg/mod/github.com/salamsites/package-http@v0.0.0-20250628132047-590dad0004a9/swagger.go:43","func":"github.com/salamsites/package-http.InitSwagger","level":"info","msg":"Updated Swagger file %s\n./docs/swagger.yaml","time":"2025-07-03T18:08:23+05:00"}
{"file":"/home/user/go/pkg/mod/github.com/salamsites/package-http@v0.0.0-20250628132047-590dad0004a9/swagger.go:46","func":"github.com/salamsites/package-http.InitSwagger","level":"info","msg":"All Swagger files updated successfully!","time":"2025-07-03T18:08:23+05:00"}
{"file":"/home/user/Desktop/sada/autotm-admin/cmd/main.go:53","func":"main.main","level":"info","msg":"psql client connected","time":"2025-07-03T18:08:24+05:00"}
{"file":"/home/user/Desktop/sada/autotm-admin/cmd/main.go:82","func":"main.main.func1","level":"info","msg":"Starting the server on port:8080","time":"2025-07-03T18:08:24+05:00"}
{"file":"/home/user/Desktop/sada/autotm-admin/cmd/main.go:90","func":"main.main","level":"info","msg":"Shutting down the server","time":"2025-07-03T18:11:36+05:00"}
{"file":"/home/user/Desktop/sada/autotm-admin/cmd/main.go:84","func":"main.main.func1","level":"error","msg":"ListenAndServe: %vhttp: Server closed","time":"2025-07-03T18:11:36+05:00"}
{"file":"/home/user/go/pkg/mod/github.com/salamsites/package-http@v0.0.0-20250628132047-590dad0004a9/swagger.go:43","func":"github.com/salamsites/package-http.InitSwagger","level":"info","msg":"Updated Swagger file %s\n./docs/docs.go","time":"2025-07-03T18:11:37+05:00"}
{"file":"/home/user/go/pkg/mod/github.com/salamsites/package-http@v0.0.0-20250628132047-590dad0004a9/swagger.go:43","func":"github.com/salamsites/package-http.InitSwagger","level":"info","msg":"Updated Swagger file %s\n./docs/swagger.json","time":"2025-07-03T18:11:37+05:00"}
{"file":"/home/user/go/pkg/mod/github.com/salamsites/package-http@v0.0.0-20250628132047-590dad0004a9/swagger.go:43","func":"github.com/salamsites/package-http.InitSwagger","level":"info","msg":"Updated Swagger file %s\n./docs/swagger.yaml","time":"2025-07-03T18:11:37+05:00"}
{"file":"/home/user/go/pkg/mod/github.com/salamsites/package-http@v0.0.0-20250628132047-590dad0004a9/swagger.go:46","func":"github.com/salamsites/package-http.InitSwagger","level":"info","msg":"All Swagger files updated successfully!","time":"2025-07-03T18:11:37+05:00"}
{"file":"/home/user/Desktop/sada/autotm-admin/cmd/main.go:53","func":"main.main","level":"info","msg":"psql client connected","time":"2025-07-03T18:11:38+05:00"}
{"file":"/home/user/Desktop/sada/autotm-admin/cmd/main.go:82","func":"main.main.func1","level":"info","msg":"Starting the server on port:8080","time":"2025-07-03T18:11:38+05:00"}
{"file":"/home/user/Desktop/sada/autotm-admin/internal/repository/brand_psql.go:29","func":"autotm-admin/internal/repository.(*BrandPsqlRepository).CreateBrand","level":"error","msg":"create err: can't scan into dest[0] (col: id): cannot scan int4 (OID 23) in binary format into *models.ID","time":"2025-07-03T18:11:42+05:00"}
{"file":"/home/user/Desktop/sada/autotm-admin/internal/services/brand_service.go:47","func":"autotm-admin/internal/services.(*BrandService).CreateBrand","level":"error","msg":"create err: can't scan into dest[0] (col: id): cannot scan int4 (OID 23) in binary format into *models.ID","time":"2025-07-03T18:11:42+05:00"}
{"file":"/home/user/Desktop/sada/autotm-admin/internal/handlers/http/brand.go:90","func":"autotm-admin/internal/handlers/http.(*BrandHandler).v1CreateBrand","level":"error","msg":"unable to create brandcan't scan into dest[0] (col: id): cannot scan int4 (OID 23) in binary format into *models.ID can't scan into dest[0] (col: id): cannot scan int4 (OID 23) in binary format into *models.ID","time":"2025-07-03T18:11:42+05:00"}
{"file":"/home/user/Desktop/sada/autotm-admin/cmd/main.go:90","func":"main.main","level":"info","msg":"Shutting down the server","time":"2025-07-03T18:13:29+05:00"}
{"file":"/home/user/Desktop/sada/autotm-admin/cmd/main.go:84","func":"main.main.func1","level":"error","msg":"ListenAndServe: %vhttp: Server closed","time":"2025-07-03T18:13:29+05:00"}
{"file":"/home/user/go/pkg/mod/github.com/salamsites/package-http@v0.0.0-20250628132047-590dad0004a9/swagger.go:43","func":"github.com/salamsites/package-http.InitSwagger","level":"info","msg":"Updated Swagger file %s\n./docs/docs.go","time":"2025-07-03T18:13:29+05:00"}
{"file":"/home/user/go/pkg/mod/github.com/salamsites/package-http@v0.0.0-20250628132047-590dad0004a9/swagger.go:43","func":"github.com/salamsites/package-http.InitSwagger","level":"info","msg":"Updated Swagger file %s\n./docs/swagger.json","time":"2025-07-03T18:13:29+05:00"}
{"file":"/home/user/go/pkg/mod/github.com/salamsites/package-http@v0.0.0-20250628132047-590dad0004a9/swagger.go:43","func":"github.com/salamsites/package-http.InitSwagger","level":"info","msg":"Updated Swagger file %s\n./docs/swagger.yaml","time":"2025-07-03T18:13:29+05:00"}
{"file":"/home/user/go/pkg/mod/github.com/salamsites/package-http@v0.0.0-20250628132047-590dad0004a9/swagger.go:46","func":"github.com/salamsites/package-http.InitSwagger","level":"info","msg":"All Swagger files updated successfully!","time":"2025-07-03T18:13:29+05:00"}
{"file":"/home/user/Desktop/sada/autotm-admin/cmd/main.go:53","func":"main.main","level":"info","msg":"psql client connected","time":"2025-07-03T18:13:30+05:00"}
{"file":"/home/user/Desktop/sada/autotm-admin/cmd/main.go:82","func":"main.main.func1","level":"info","msg":"Starting the server on port:8080","time":"2025-07-03T18:13:30+05:00"}
{"file":"/home/user/Desktop/sada/autotm-admin/internal/repository/brand_psql.go:29","func":"autotm-admin/internal/repository.(*BrandPsqlRepository).CreateBrand","level":"error","msg":"create err: can't scan into dest[0] (col: id): cannot scan int4 (OID 23) in binary format into *models.ID","time":"2025-07-03T18:13:34+05:00"}
{"file":"/home/user/Desktop/sada/autotm-admin/internal/services/brand_service.go:48","func":"autotm-admin/internal/services.(*BrandService).CreateBrand","level":"error","msg":"create err: can't scan into dest[0] (col: id): cannot scan int4 (OID 23) in binary format into *models.ID","time":"2025-07-03T18:13:34+05:00"}
{"file":"/home/user/Desktop/sada/autotm-admin/internal/handlers/http/brand.go:90","func":"autotm-admin/internal/handlers/http.(*BrandHandler).v1CreateBrand","level":"error","msg":"unable to create brandcan't scan into dest[0] (col: id): cannot scan int4 (OID 23) in binary format into *models.ID can't scan into dest[0] (col: id): cannot scan int4 (OID 23) in binary format into *models.ID","time":"2025-07-03T18:13:34+05:00"}
{"file":"/home/user/Desktop/sada/autotm-admin/cmd/main.go:90","func":"main.main","level":"info","msg":"Shutting down the server","time":"2025-07-03T18:15:29+05:00"}
{"file":"/home/user/Desktop/sada/autotm-admin/cmd/main.go:84","func":"main.main.func1","level":"error","msg":"ListenAndServe: %vhttp: Server closed","time":"2025-07-03T18:15:29+05:00"}
{"file":"/home/user/go/pkg/mod/github.com/salamsites/package-http@v0.0.0-20250628132047-590dad0004a9/swagger.go:43","func":"github.com/salamsites/package-http.InitSwagger","level":"info","msg":"Updated Swagger file %s\n./docs/docs.go","time":"2025-07-03T18:18:12+05:00"}
{"file":"/home/user/go/pkg/mod/github.com/salamsites/package-http@v0.0.0-20250628132047-590dad0004a9/swagger.go:43","func":"github.com/salamsites/package-http.InitSwagger","level":"info","msg":"Updated Swagger file %s\n./docs/swagger.json","time":"2025-07-03T18:18:12+05:00"}
{"file":"/home/user/go/pkg/mod/github.com/salamsites/package-http@v0.0.0-20250628132047-590dad0004a9/swagger.go:43","func":"github.com/salamsites/package-http.InitSwagger","level":"info","msg":"Updated Swagger file %s\n./docs/swagger.yaml","time":"2025-07-03T18:18:12+05:00"}
{"file":"/home/user/go/pkg/mod/github.com/salamsites/package-http@v0.0.0-20250628132047-590dad0004a9/swagger.go:46","func":"github.com/salamsites/package-http.InitSwagger","level":"info","msg":"All Swagger files updated successfully!","time":"2025-07-03T18:18:12+05:00"}
{"file":"/home/user/Desktop/sada/autotm-admin/cmd/main.go:53","func":"main.main","level":"info","msg":"psql client connected","time":"2025-07-03T18:18:13+05:00"}
{"file":"/home/user/Desktop/sada/autotm-admin/cmd/main.go:82","func":"main.main.func1","level":"info","msg":"Starting the server on port:8080","time":"2025-07-03T18:18:13+05:00"}
{"file":"/home/user/Desktop/sada/autotm-admin/cmd/main.go:90","func":"main.main","level":"info","msg":"Shutting down the server","time":"2025-07-03T18:19:35+05:00"}
{"file":"/home/user/Desktop/sada/autotm-admin/cmd/main.go:84","func":"main.main.func1","level":"error","msg":"ListenAndServe: %vhttp: Server closed","time":"2025-07-03T18:19:35+05:00"}
{"file":"/home/user/go/pkg/mod/github.com/salamsites/package-http@v0.0.0-20250628132047-590dad0004a9/swagger.go:43","func":"github.com/salamsites/package-http.InitSwagger","level":"info","msg":"Updated Swagger file %s\n./docs/docs.go","time":"2025-07-03T18:19:36+05:00"}
{"file":"/home/user/go/pkg/mod/github.com/salamsites/package-http@v0.0.0-20250628132047-590dad0004a9/swagger.go:43","func":"github.com/salamsites/package-http.InitSwagger","level":"info","msg":"Updated Swagger file %s\n./docs/swagger.json","time":"2025-07-03T18:19:36+05:00"}
{"file":"/home/user/go/pkg/mod/github.com/salamsites/package-http@v0.0.0-20250628132047-590dad0004a9/swagger.go:43","func":"github.com/salamsites/package-http.InitSwagger","level":"info","msg":"Updated Swagger file %s\n./docs/swagger.yaml","time":"2025-07-03T18:19:36+05:00"}
{"file":"/home/user/go/pkg/mod/github.com/salamsites/package-http@v0.0.0-20250628132047-590dad0004a9/swagger.go:46","func":"github.com/salamsites/package-http.InitSwagger","level":"info","msg":"All Swagger files updated successfully!","time":"2025-07-03T18:19:36+05:00"}
{"file":"/home/user/Desktop/sada/autotm-admin/cmd/main.go:53","func":"main.main","level":"info","msg":"psql client connected","time":"2025-07-03T18:19:37+05:00"}
{"file":"/home/user/Desktop/sada/autotm-admin/cmd/main.go:82","func":"main.main.func1","level":"info","msg":"Starting the server on port:8080","time":"2025-07-03T18:19:37+05:00"}
{"file":"/home/user/Desktop/sada/autotm-admin/cmd/main.go:90","func":"main.main","level":"info","msg":"Shutting down the server","time":"2025-07-03T18:54:54+05:00"}
{"file":"/home/user/Desktop/sada/autotm-admin/cmd/main.go:84","func":"main.main.func1","level":"error","msg":"ListenAndServe: %vhttp: Server closed","time":"2025-07-03T18:54:54+05:00"}
{"file":"/home/user/go/pkg/mod/github.com/salamsites/package-http@v0.0.0-20250628132047-590dad0004a9/swagger.go:43","func":"github.com/salamsites/package-http.InitSwagger","level":"info","msg":"Updated Swagger file %s\n./docs/docs.go","time":"2025-07-03T18:54:59+05:00"}
{"file":"/home/user/go/pkg/mod/github.com/salamsites/package-http@v0.0.0-20250628132047-590dad0004a9/swagger.go:43","func":"github.com/salamsites/package-http.InitSwagger","level":"info","msg":"Updated Swagger file %s\n./docs/swagger.json","time":"2025-07-03T18:54:59+05:00"}
{"file":"/home/user/go/pkg/mod/github.com/salamsites/package-http@v0.0.0-20250628132047-590dad0004a9/swagger.go:43","func":"github.com/salamsites/package-http.InitSwagger","level":"info","msg":"Updated Swagger file %s\n./docs/swagger.yaml","time":"2025-07-03T18:54:59+05:00"}
{"file":"/home/user/go/pkg/mod/github.com/salamsites/package-http@v0.0.0-20250628132047-590dad0004a9/swagger.go:46","func":"github.com/salamsites/package-http.InitSwagger","level":"info","msg":"All Swagger files updated successfully!","time":"2025-07-03T18:54:59+05:00"}
{"file":"/home/user/Desktop/sada/autotm-admin/cmd/main.go:53","func":"main.main","level":"info","msg":"psql client connected","time":"2025-07-03T18:55:01+05:00"}
{"file":"/home/user/Desktop/sada/autotm-admin/cmd/main.go:82","func":"main.main.func1","level":"info","msg":"Starting the server on port:8080","time":"2025-07-03T18:55:01+05:00"}
{"file":"/home/user/Desktop/sada/autotm-admin/cmd/main.go:90","func":"main.main","level":"info","msg":"Shutting down the server","time":"2025-07-03T18:55:51+05:00"}
{"file":"/home/user/Desktop/sada/autotm-admin/cmd/main.go:84","func":"main.main.func1","level":"error","msg":"ListenAndServe: %vhttp: Server closed","time":"2025-07-03T18:55:51+05:00"}
{"file":"/home/user/go/pkg/mod/github.com/salamsites/package-http@v0.0.0-20250628132047-590dad0004a9/swagger.go:43","func":"github.com/salamsites/package-http.InitSwagger","level":"info","msg":"Updated Swagger file %s\n./docs/docs.go","time":"2025-07-03T18:55:52+05:00"}
{"file":"/home/user/go/pkg/mod/github.com/salamsites/package-http@v0.0.0-20250628132047-590dad0004a9/swagger.go:43","func":"github.com/salamsites/package-http.InitSwagger","level":"info","msg":"Updated Swagger file %s\n./docs/swagger.json","time":"2025-07-03T18:55:52+05:00"}
{"file":"/home/user/go/pkg/mod/github.com/salamsites/package-http@v0.0.0-20250628132047-590dad0004a9/swagger.go:43","func":"github.com/salamsites/package-http.InitSwagger","level":"info","msg":"Updated Swagger file %s\n./docs/swagger.yaml","time":"2025-07-03T18:55:52+05:00"}
{"file":"/home/user/go/pkg/mod/github.com/salamsites/package-http@v0.0.0-20250628132047-590dad0004a9/swagger.go:46","func":"github.com/salamsites/package-http.InitSwagger","level":"info","msg":"All Swagger files updated successfully!","time":"2025-07-03T18:55:52+05:00"}
{"file":"/home/user/Desktop/sada/autotm-admin/cmd/main.go:53","func":"main.main","level":"info","msg":"psql client connected","time":"2025-07-03T18:55:53+05:00"}
{"file":"/home/user/Desktop/sada/autotm-admin/cmd/main.go:82","func":"main.main.func1","level":"info","msg":"Starting the server on port:8080","time":"2025-07-03T18:55:53+05:00"}
{"file":"/home/user/Desktop/sada/autotm-admin/internal/repository/brand_psql.go:73","func":"autotm-admin/internal/repository.(*BrandPsqlRepository).GetBrands","level":"error","msg":"get brands count err : \u003cnil\u003e","time":"2025-07-03T18:56:18+05:00"}
{"file":"/home/user/Desktop/sada/autotm-admin/cmd/main.go:90","func":"main.main","level":"info","msg":"Shutting down the server","time":"2025-07-03T18:57:23+05:00"}
{"file":"/home/user/Desktop/sada/autotm-admin/cmd/main.go:84","func":"main.main.func1","level":"error","msg":"ListenAndServe: %vhttp: Server closed","time":"2025-07-03T18:57:23+05:00"}
{"file":"/home/user/go/pkg/mod/github.com/salamsites/package-http@v0.0.0-20250628132047-590dad0004a9/swagger.go:43","func":"github.com/salamsites/package-http.InitSwagger","level":"info","msg":"Updated Swagger file %s\n./docs/docs.go","time":"2025-07-03T18:57:25+05:00"}
{"file":"/home/user/go/pkg/mod/github.com/salamsites/package-http@v0.0.0-20250628132047-590dad0004a9/swagger.go:43","func":"github.com/salamsites/package-http.InitSwagger","level":"info","msg":"Updated Swagger file %s\n./docs/swagger.json","time":"2025-07-03T18:57:25+05:00"}
{"file":"/home/user/go/pkg/mod/github.com/salamsites/package-http@v0.0.0-20250628132047-590dad0004a9/swagger.go:43","func":"github.com/salamsites/package-http.InitSwagger","level":"info","msg":"Updated Swagger file %s\n./docs/swagger.yaml","time":"2025-07-03T18:57:25+05:00"}
{"file":"/home/user/go/pkg/mod/github.com/salamsites/package-http@v0.0.0-20250628132047-590dad0004a9/swagger.go:46","func":"github.com/salamsites/package-http.InitSwagger","level":"info","msg":"All Swagger files updated successfully!","time":"2025-07-03T18:57:25+05:00"}
{"file":"/home/user/Desktop/sada/autotm-admin/cmd/main.go:53","func":"main.main","level":"info","msg":"psql client connected","time":"2025-07-03T18:57:26+05:00"}
{"file":"/home/user/Desktop/sada/autotm-admin/cmd/main.go:82","func":"main.main.func1","level":"info","msg":"Starting the server on port:8080","time":"2025-07-03T18:57:26+05:00"}
{"file":"/home/user/Desktop/sada/autotm-admin/cmd/main.go:90","func":"main.main","level":"info","msg":"Shutting down the server","time":"2025-07-03T18:58:57+05:00"}
{"file":"/home/user/Desktop/sada/autotm-admin/cmd/main.go:84","func":"main.main.func1","level":"error","msg":"ListenAndServe: %vhttp: Server closed","time":"2025-07-03T18:58:57+05:00"}
{"file":"/home/user/go/pkg/mod/github.com/salamsites/package-http@v0.0.0-20250628132047-590dad0004a9/swagger.go:43","func":"github.com/salamsites/package-http.InitSwagger","level":"info","msg":"Updated Swagger file %s\n./docs/docs.go","time":"2025-07-03T18:59:00+05:00"}
{"file":"/home/user/go/pkg/mod/github.com/salamsites/package-http@v0.0.0-20250628132047-590dad0004a9/swagger.go:43","func":"github.com/salamsites/package-http.InitSwagger","level":"info","msg":"Updated Swagger file %s\n./docs/swagger.json","time":"2025-07-03T18:59:00+05:00"}
{"file":"/home/user/go/pkg/mod/github.com/salamsites/package-http@v0.0.0-20250628132047-590dad0004a9/swagger.go:43","func":"github.com/salamsites/package-http.InitSwagger","level":"info","msg":"Updated Swagger file %s\n./docs/swagger.yaml","time":"2025-07-03T18:59:00+05:00"}
{"file":"/home/user/go/pkg/mod/github.com/salamsites/package-http@v0.0.0-20250628132047-590dad0004a9/swagger.go:46","func":"github.com/salamsites/package-http.InitSwagger","level":"info","msg":"All Swagger files updated successfully!","time":"2025-07-03T18:59:00+05:00"}
{"file":"/home/user/Desktop/sada/autotm-admin/cmd/main.go:53","func":"main.main","level":"info","msg":"psql client connected","time":"2025-07-03T18:59:01+05:00"}
{"file":"/home/user/Desktop/sada/autotm-admin/cmd/main.go:82","func":"main.main.func1","level":"info","msg":"Starting the server on port:8080","time":"2025-07-03T18:59:01+05:00"}
{"file":"/home/user/Desktop/sada/autotm-admin/cmd/main.go:90","func":"main.main","level":"info","msg":"Shutting down the server","time":"2025-07-03T19:37:52+05:00"}
{"file":"/home/user/Desktop/sada/autotm-admin/cmd/main.go:84","func":"main.main.func1","level":"error","msg":"ListenAndServe: %vhttp: Server closed","time":"2025-07-03T19:37:52+05:00"}
{"file":"/home/user/go/pkg/mod/github.com/salamsites/package-http@v0.0.0-20250628132047-590dad0004a9/swagger.go:43","func":"github.com/salamsites/package-http.InitSwagger","level":"info","msg":"Updated Swagger file %s\n./docs/docs.go","time":"2025-07-03T19:37:54+05:00"}
{"file":"/home/user/go/pkg/mod/github.com/salamsites/package-http@v0.0.0-20250628132047-590dad0004a9/swagger.go:43","func":"github.com/salamsites/package-http.InitSwagger","level":"info","msg":"Updated Swagger file %s\n./docs/swagger.json","time":"2025-07-03T19:37:54+05:00"}
{"file":"/home/user/go/pkg/mod/github.com/salamsites/package-http@v0.0.0-20250628132047-590dad0004a9/swagger.go:43","func":"github.com/salamsites/package-http.InitSwagger","level":"info","msg":"Updated Swagger file %s\n./docs/swagger.yaml","time":"2025-07-03T19:37:54+05:00"}
{"file":"/home/user/go/pkg/mod/github.com/salamsites/package-http@v0.0.0-20250628132047-590dad0004a9/swagger.go:46","func":"github.com/salamsites/package-http.InitSwagger","level":"info","msg":"All Swagger files updated successfully!","time":"2025-07-03T19:37:54+05:00"}
{"file":"/home/user/Desktop/sada/autotm-admin/cmd/main.go:53","func":"main.main","level":"info","msg":"psql client connected","time":"2025-07-03T19:37:55+05:00"}
{"file":"/home/user/Desktop/sada/autotm-admin/cmd/main.go:82","func":"main.main.func1","level":"info","msg":"Starting the server on port:8080","time":"2025-07-03T19:37:55+05:00"}
{"file":"/home/user/Desktop/sada/autotm-admin/internal/repository/brand_psql.go:89","func":"autotm-admin/internal/repository.(*BrandPsqlRepository).UpdateBrand","level":"error","msg":"update brand err: no rows in result set","time":"2025-07-03T19:40:04+05:00"}
{"file":"/home/user/Desktop/sada/autotm-admin/internal/services/brand_service.go:101","func":"autotm-admin/internal/services.(*BrandService).UpdateBrand","level":"error","msg":"update brand err: no rows in result set","time":"2025-07-03T19:40:04+05:00"}
{"file":"/home/user/Desktop/sada/autotm-admin/internal/handlers/http/brand.go:166","func":"autotm-admin/internal/handlers/http.(*BrandHandler).v1UpdateBrand","level":"error","msg":"unable to update brandno rows in result set no rows in result set","time":"2025-07-03T19:40:04+05:00"}
{"file":"/home/user/Desktop/sada/autotm-admin/internal/repository/brand_psql.go:89","func":"autotm-admin/internal/repository.(*BrandPsqlRepository).UpdateBrand","level":"error","msg":"update brand err: no rows in result set","time":"2025-07-03T19:42:41+05:00"}
{"file":"/home/user/Desktop/sada/autotm-admin/internal/services/brand_service.go:101","func":"autotm-admin/internal/services.(*BrandService).UpdateBrand","level":"error","msg":"update brand err: no rows in result set","time":"2025-07-03T19:42:41+05:00"}
{"file":"/home/user/Desktop/sada/autotm-admin/internal/handlers/http/brand.go:166","func":"autotm-admin/internal/handlers/http.(*BrandHandler).v1UpdateBrand","level":"error","msg":"unable to update brandno rows in result set no rows in result set","time":"2025-07-03T19:42:41+05:00"}
{"file":"/home/user/Desktop/sada/autotm-admin/cmd/main.go:90","func":"main.main","level":"info","msg":"Shutting down the server","time":"2025-07-03T19:43:03+05:00"}
{"file":"/home/user/Desktop/sada/autotm-admin/cmd/main.go:84","func":"main.main.func1","level":"error","msg":"ListenAndServe: %vhttp: Server closed","time":"2025-07-03T19:43:03+05:00"}
{"file":"/home/user/go/pkg/mod/github.com/salamsites/package-http@v0.0.0-20250628132047-590dad0004a9/swagger.go:43","func":"github.com/salamsites/package-http.InitSwagger","level":"info","msg":"Updated Swagger file %s\n./docs/docs.go","time":"2025-07-03T19:43:05+05:00"}
{"file":"/home/user/go/pkg/mod/github.com/salamsites/package-http@v0.0.0-20250628132047-590dad0004a9/swagger.go:43","func":"github.com/salamsites/package-http.InitSwagger","level":"info","msg":"Updated Swagger file %s\n./docs/swagger.json","time":"2025-07-03T19:43:05+05:00"}
{"file":"/home/user/go/pkg/mod/github.com/salamsites/package-http@v0.0.0-20250628132047-590dad0004a9/swagger.go:43","func":"github.com/salamsites/package-http.InitSwagger","level":"info","msg":"Updated Swagger file %s\n./docs/swagger.yaml","time":"2025-07-03T19:43:05+05:00"}
{"file":"/home/user/go/pkg/mod/github.com/salamsites/package-http@v0.0.0-20250628132047-590dad0004a9/swagger.go:46","func":"github.com/salamsites/package-http.InitSwagger","level":"info","msg":"All Swagger files updated successfully!","time":"2025-07-03T19:43:05+05:00"}
{"file":"/home/user/Desktop/sada/autotm-admin/cmd/main.go:53","func":"main.main","level":"info","msg":"psql client connected","time":"2025-07-03T19:43:06+05:00"}
{"file":"/home/user/Desktop/sada/autotm-admin/cmd/main.go:82","func":"main.main.func1","level":"info","msg":"Starting the server on port:8080","time":"2025-07-03T19:43:06+05:00"}
{"file":"/home/user/Desktop/sada/autotm-admin/internal/repository/brand_psql.go:89","func":"autotm-admin/internal/repository.(*BrandPsqlRepository).UpdateBrand","level":"error","msg":"update brand err: no rows in result set","time":"2025-07-03T19:43:22+05:00"}
{"file":"/home/user/Desktop/sada/autotm-admin/internal/services/brand_service.go:101","func":"autotm-admin/internal/services.(*BrandService).UpdateBrand","level":"error","msg":"update brand err: no rows in result set","time":"2025-07-03T19:43:22+05:00"}
{"file":"/home/user/Desktop/sada/autotm-admin/internal/handlers/http/brand.go:166","func":"autotm-admin/internal/handlers/http.(*BrandHandler).v1UpdateBrand","level":"error","msg":"unable to update brandno rows in result set no rows in result set","time":"2025-07-03T19:43:22+05:00"}
{"file":"/home/user/Desktop/sada/autotm-admin/cmd/main.go:90","func":"main.main","level":"info","msg":"Shutting down the server","time":"2025-07-03T19:45:57+05:00"}
{"file":"/home/user/Desktop/sada/autotm-admin/cmd/main.go:84","func":"main.main.func1","level":"error","msg":"ListenAndServe: %vhttp: Server closed","time":"2025-07-03T19:45:57+05:00"}
{"file":"/home/user/go/pkg/mod/github.com/salamsites/package-http@v0.0.0-20250628132047-590dad0004a9/swagger.go:43","func":"github.com/salamsites/package-http.InitSwagger","level":"info","msg":"Updated Swagger file %s\n./docs/docs.go","time":"2025-07-03T19:46:01+05:00"}
{"file":"/home/user/go/pkg/mod/github.com/salamsites/package-http@v0.0.0-20250628132047-590dad0004a9/swagger.go:43","func":"github.com/salamsites/package-http.InitSwagger","level":"info","msg":"Updated Swagger file %s\n./docs/swagger.json","time":"2025-07-03T19:46:01+05:00"}
{"file":"/home/user/go/pkg/mod/github.com/salamsites/package-http@v0.0.0-20250628132047-590dad0004a9/swagger.go:43","func":"github.com/salamsites/package-http.InitSwagger","level":"info","msg":"Updated Swagger file %s\n./docs/swagger.yaml","time":"2025-07-03T19:46:01+05:00"}
{"file":"/home/user/go/pkg/mod/github.com/salamsites/package-http@v0.0.0-20250628132047-590dad0004a9/swagger.go:46","func":"github.com/salamsites/package-http.InitSwagger","level":"info","msg":"All Swagger files updated successfully!","time":"2025-07-03T19:46:01+05:00"}
{"file":"/home/user/Desktop/sada/autotm-admin/cmd/main.go:53","func":"main.main","level":"info","msg":"psql client connected","time":"2025-07-03T19:46:02+05:00"}
{"file":"/home/user/Desktop/sada/autotm-admin/cmd/main.go:82","func":"main.main.func1","level":"info","msg":"Starting the server on port:8080","time":"2025-07-03T19:46:02+05:00"}
{"file":"/home/user/Desktop/sada/autotm-admin/cmd/main.go:90","func":"main.main","level":"info","msg":"Shutting down the server","time":"2025-07-03T20:10:17+05:00"}
{"file":"/home/user/Desktop/sada/autotm-admin/cmd/main.go:84","func":"main.main.func1","level":"error","msg":"ListenAndServe: %vhttp: Server closed","time":"2025-07-03T20:10:17+05:00"}
{"file":"/home/user/go/pkg/mod/github.com/salamsites/package-http@v0.0.0-20250628132047-590dad0004a9/swagger.go:43","func":"github.com/salamsites/package-http.InitSwagger","level":"info","msg":"Updated Swagger file %s\n./docs/docs.go","time":"2025-07-03T20:10:18+05:00"}
{"file":"/home/user/go/pkg/mod/github.com/salamsites/package-http@v0.0.0-20250628132047-590dad0004a9/swagger.go:43","func":"github.com/salamsites/package-http.InitSwagger","level":"info","msg":"Updated Swagger file %s\n./docs/swagger.json","time":"2025-07-03T20:10:18+05:00"}
{"file":"/home/user/go/pkg/mod/github.com/salamsites/package-http@v0.0.0-20250628132047-590dad0004a9/swagger.go:43","func":"github.com/salamsites/package-http.InitSwagger","level":"info","msg":"Updated Swagger file %s\n./docs/swagger.yaml","time":"2025-07-03T20:10:18+05:00"}
{"file":"/home/user/go/pkg/mod/github.com/salamsites/package-http@v0.0.0-20250628132047-590dad0004a9/swagger.go:46","func":"github.com/salamsites/package-http.InitSwagger","level":"info","msg":"All Swagger files updated successfully!","time":"2025-07-03T20:10:18+05:00"}
{"file":"/home/user/Desktop/sada/autotm-admin/cmd/main.go:53","func":"main.main","level":"info","msg":"psql client connected","time":"2025-07-03T20:10:20+05:00"}
{"file":"/home/user/Desktop/sada/autotm-admin/cmd/main.go:82","func":"main.main.func1","level":"info","msg":"Starting the server on port:8080","time":"2025-07-03T20:10:20+05:00"}
{"file":"/home/user/Desktop/sada/autotm-admin/cmd/main.go:90","func":"main.main","level":"info","msg":"Shutting down the server","time":"2025-07-03T20:15:57+05:00"}
{"file":"/home/user/Desktop/sada/autotm-admin/cmd/main.go:84","func":"main.main.func1","level":"error","msg":"ListenAndServe: %vhttp: Server closed","time":"2025-07-03T20:15:57+05:00"}
{"file":"/home/user/go/pkg/mod/github.com/salamsites/package-http@v0.0.0-20250628132047-590dad0004a9/swagger.go:43","func":"github.com/salamsites/package-http.InitSwagger","level":"info","msg":"Updated Swagger file %s\n./docs/docs.go","time":"2025-07-03T20:15:58+05:00"}
{"file":"/home/user/go/pkg/mod/github.com/salamsites/package-http@v0.0.0-20250628132047-590dad0004a9/swagger.go:43","func":"github.com/salamsites/package-http.InitSwagger","level":"info","msg":"Updated Swagger file %s\n./docs/swagger.json","time":"2025-07-03T20:15:58+05:00"}
{"file":"/home/user/go/pkg/mod/github.com/salamsites/package-http@v0.0.0-20250628132047-590dad0004a9/swagger.go:43","func":"github.com/salamsites/package-http.InitSwagger","level":"info","msg":"Updated Swagger file %s\n./docs/swagger.yaml","time":"2025-07-03T20:15:58+05:00"}
{"file":"/home/user/go/pkg/mod/github.com/salamsites/package-http@v0.0.0-20250628132047-590dad0004a9/swagger.go:46","func":"github.com/salamsites/package-http.InitSwagger","level":"info","msg":"All Swagger files updated successfully!","time":"2025-07-03T20:15:58+05:00"}
{"file":"/home/user/Desktop/sada/autotm-admin/cmd/main.go:53","func":"main.main","level":"info","msg":"psql client connected","time":"2025-07-03T20:16:00+05:00"}
{"file":"/home/user/Desktop/sada/autotm-admin/cmd/main.go:82","func":"main.main.func1","level":"info","msg":"Starting the server on port:8080","time":"2025-07-03T20:16:00+05:00"}
{"file":"/home/user/Desktop/sada/autotm-admin/cmd/main.go:90","func":"main.main","level":"info","msg":"Shutting down the server","time":"2025-07-03T20:20:56+05:00"}
{"file":"/home/user/Desktop/sada/autotm-admin/cmd/main.go:84","func":"main.main.func1","level":"error","msg":"ListenAndServe: %vhttp: Server closed","time":"2025-07-03T20:20:56+05:00"}
{"file":"/home/user/go/pkg/mod/github.com/salamsites/package-http@v0.0.0-20250628132047-590dad0004a9/swagger.go:43","func":"github.com/salamsites/package-http.InitSwagger","level":"info","msg":"Updated Swagger file %s\n./docs/docs.go","time":"2025-07-03T20:20:57+05:00"}
{"file":"/home/user/go/pkg/mod/github.com/salamsites/package-http@v0.0.0-20250628132047-590dad0004a9/swagger.go:43","func":"github.com/salamsites/package-http.InitSwagger","level":"info","msg":"Updated Swagger file %s\n./docs/swagger.json","time":"2025-07-03T20:20:57+05:00"}
{"file":"/home/user/go/pkg/mod/github.com/salamsites/package-http@v0.0.0-20250628132047-590dad0004a9/swagger.go:43","func":"github.com/salamsites/package-http.InitSwagger","level":"info","msg":"Updated Swagger file %s\n./docs/swagger.yaml","time":"2025-07-03T20:20:57+05:00"}
{"file":"/home/user/go/pkg/mod/github.com/salamsites/package-http@v0.0.0-20250628132047-590dad0004a9/swagger.go:46","func":"github.com/salamsites/package-http.InitSwagger","level":"info","msg":"All Swagger files updated successfully!","time":"2025-07-03T20:20:57+05:00"}
{"file":"/home/user/Desktop/sada/autotm-admin/cmd/main.go:53","func":"main.main","level":"info","msg":"psql client connected","time":"2025-07-03T20:20:58+05:00"}
{"file":"/home/user/Desktop/sada/autotm-admin/cmd/main.go:82","func":"main.main.func1","level":"info","msg":"Starting the server on port:8080","time":"2025-07-03T20:20:58+05:00"}
{"file":"/home/user/Desktop/sada/autotm-admin/cmd/main.go:90","func":"main.main","level":"info","msg":"Shutting down the server","time":"2025-07-03T20:26:11+05:00"}
{"file":"/home/user/Desktop/sada/autotm-admin/cmd/main.go:84","func":"main.main.func1","level":"error","msg":"ListenAndServe: %vhttp: Server closed","time":"2025-07-03T20:26:11+05:00"}
{"file":"/home/user/go/pkg/mod/github.com/salamsites/package-http@v0.0.0-20250628132047-590dad0004a9/swagger.go:43","func":"github.com/salamsites/package-http.InitSwagger","level":"info","msg":"Updated Swagger file %s\n./docs/docs.go","time":"2025-07-03T20:26:12+05:00"}
{"file":"/home/user/go/pkg/mod/github.com/salamsites/package-http@v0.0.0-20250628132047-590dad0004a9/swagger.go:43","func":"github.com/salamsites/package-http.InitSwagger","level":"info","msg":"Updated Swagger file %s\n./docs/swagger.json","time":"2025-07-03T20:26:12+05:00"}
{"file":"/home/user/go/pkg/mod/github.com/salamsites/package-http@v0.0.0-20250628132047-590dad0004a9/swagger.go:43","func":"github.com/salamsites/package-http.InitSwagger","level":"info","msg":"Updated Swagger file %s\n./docs/swagger.yaml","time":"2025-07-03T20:26:12+05:00"}
{"file":"/home/user/go/pkg/mod/github.com/salamsites/package-http@v0.0.0-20250628132047-590dad0004a9/swagger.go:46","func":"github.com/salamsites/package-http.InitSwagger","level":"info","msg":"All Swagger files updated successfully!","time":"2025-07-03T20:26:12+05:00"}
{"file":"/home/user/Desktop/sada/autotm-admin/cmd/main.go:53","func":"main.main","level":"info","msg":"psql client connected","time":"2025-07-03T20:26:13+05:00"}
{"file":"/home/user/Desktop/sada/autotm-admin/cmd/main.go:82","func":"main.main.func1","level":"info","msg":"Starting the server on port:8080","time":"2025-07-03T20:26:13+05:00"}
{"file":"/home/user/Desktop/sada/autotm-admin/cmd/main.go:90","func":"main.main","level":"info","msg":"Shutting down the server","time":"2025-07-03T20:29:38+05:00"}
{"file":"/home/user/Desktop/sada/autotm-admin/cmd/main.go:84","func":"main.main.func1","level":"error","msg":"ListenAndServe: %vhttp: Server closed","time":"2025-07-03T20:29:38+05:00"}
{"file":"/home/user/go/pkg/mod/github.com/salamsites/package-http@v0.0.0-20250628132047-590dad0004a9/swagger.go:43","func":"github.com/salamsites/package-http.InitSwagger","level":"info","msg":"Updated Swagger file %s\n./docs/docs.go","time":"2025-07-03T20:29:39+05:00"}
{"file":"/home/user/go/pkg/mod/github.com/salamsites/package-http@v0.0.0-20250628132047-590dad0004a9/swagger.go:43","func":"github.com/salamsites/package-http.InitSwagger","level":"info","msg":"Updated Swagger file %s\n./docs/swagger.json","time":"2025-07-03T20:29:39+05:00"}
{"file":"/home/user/go/pkg/mod/github.com/salamsites/package-http@v0.0.0-20250628132047-590dad0004a9/swagger.go:43","func":"github.com/salamsites/package-http.InitSwagger","level":"info","msg":"Updated Swagger file %s\n./docs/swagger.yaml","time":"2025-07-03T20:29:39+05:00"}
{"file":"/home/user/go/pkg/mod/github.com/salamsites/package-http@v0.0.0-20250628132047-590dad0004a9/swagger.go:46","func":"github.com/salamsites/package-http.InitSwagger","level":"info","msg":"All Swagger files updated successfully!","time":"2025-07-03T20:29:39+05:00"}
{"file":"/home/user/Desktop/sada/autotm-admin/cmd/main.go:53","func":"main.main","level":"info","msg":"psql client connected","time":"2025-07-03T20:29:40+05:00"}
{"file":"/home/user/Desktop/sada/autotm-admin/cmd/main.go:82","func":"main.main.func1","level":"info","msg":"Starting the server on port:8080","time":"2025-07-03T20:29:40+05:00"}
{"file":"/home/user/go/pkg/mod/github.com/salamsites/package-http@v0.0.0-20250628132047-590dad0004a9/swagger.go:43","func":"github.com/salamsites/package-http.InitSwagger","level":"info","msg":"Updated Swagger file %s\n./docs/docs.go","time":"2025-07-03T22:43:31+05:00"}
{"file":"/home/user/go/pkg/mod/github.com/salamsites/package-http@v0.0.0-20250628132047-590dad0004a9/swagger.go:43","func":"github.com/salamsites/package-http.InitSwagger","level":"info","msg":"Updated Swagger file %s\n./docs/swagger.json","time":"2025-07-03T22:43:31+05:00"}
{"file":"/home/user/go/pkg/mod/github.com/salamsites/package-http@v0.0.0-20250628132047-590dad0004a9/swagger.go:43","func":"github.com/salamsites/package-http.InitSwagger","level":"info","msg":"Updated Swagger file %s\n./docs/swagger.yaml","time":"2025-07-03T22:43:31+05:00"}
{"file":"/home/user/go/pkg/mod/github.com/salamsites/package-http@v0.0.0-20250628132047-590dad0004a9/swagger.go:46","func":"github.com/salamsites/package-http.InitSwagger","level":"info","msg":"All Swagger files updated successfully!","time":"2025-07-03T22:43:31+05:00"}
{"file":"/home/user/Desktop/sada/autotm-admin/cmd/main.go:53","func":"main.main","level":"info","msg":"psql client connected","time":"2025-07-03T22:43:32+05:00"}
{"file":"/home/user/Desktop/sada/autotm-admin/cmd/main.go:82","func":"main.main.func1","level":"info","msg":"Starting the server on port:8080","time":"2025-07-03T22:43:32+05:00"}
{"file":"/home/user/Desktop/sada/autotm-admin/cmd/main.go:90","func":"main.main","level":"info","msg":"Shutting down the server","time":"2025-07-03T23:26:46+05:00"}
{"file":"/home/user/Desktop/sada/autotm-admin/cmd/main.go:84","func":"main.main.func1","level":"error","msg":"ListenAndServe: %vhttp: Server closed","time":"2025-07-03T23:26:46+05:00"}
{"file":"/home/user/go/pkg/mod/github.com/salamsites/package-http@v0.0.0-20250628132047-590dad0004a9/swagger.go:43","func":"github.com/salamsites/package-http.InitSwagger","level":"info","msg":"Updated Swagger file %s\n./docs/docs.go","time":"2025-07-03T23:27:48+05:00"}
{"file":"/home/user/go/pkg/mod/github.com/salamsites/package-http@v0.0.0-20250628132047-590dad0004a9/swagger.go:43","func":"github.com/salamsites/package-http.InitSwagger","level":"info","msg":"Updated Swagger file %s\n./docs/swagger.json","time":"2025-07-03T23:27:48+05:00"}
{"file":"/home/user/go/pkg/mod/github.com/salamsites/package-http@v0.0.0-20250628132047-590dad0004a9/swagger.go:43","func":"github.com/salamsites/package-http.InitSwagger","level":"info","msg":"Updated Swagger file %s\n./docs/swagger.yaml","time":"2025-07-03T23:27:48+05:00"}
{"file":"/home/user/go/pkg/mod/github.com/salamsites/package-http@v0.0.0-20250628132047-590dad0004a9/swagger.go:46","func":"github.com/salamsites/package-http.InitSwagger","level":"info","msg":"All Swagger files updated successfully!","time":"2025-07-03T23:27:48+05:00"}
{"file":"/home/user/Desktop/sada/autotm-admin/cmd/main.go:53","func":"main.main","level":"info","msg":"psql client connected","time":"2025-07-03T23:27:51+05:00"}
{"file":"/home/user/Desktop/sada/autotm-admin/cmd/main.go:82","func":"main.main.func1","level":"info","msg":"Starting the server on port:8080","time":"2025-07-03T23:27:51+05:00"}
{"file":"/home/user/Desktop/sada/autotm-admin/cmd/main.go:90","func":"main.main","level":"info","msg":"Shutting down the server","time":"2025-07-03T23:48:28+05:00"}
{"file":"/home/user/Desktop/sada/autotm-admin/cmd/main.go:84","func":"main.main.func1","level":"error","msg":"ListenAndServe: %vhttp: Server closed","time":"2025-07-03T23:48:28+05:00"}
{"file":"/home/user/go/pkg/mod/github.com/salamsites/package-http@v0.0.0-20250628132047-590dad0004a9/swagger.go:43","func":"github.com/salamsites/package-http.InitSwagger","level":"info","msg":"Updated Swagger file %s\n./docs/docs.go","time":"2025-07-03T23:48:29+05:00"}
{"file":"/home/user/go/pkg/mod/github.com/salamsites/package-http@v0.0.0-20250628132047-590dad0004a9/swagger.go:43","func":"github.com/salamsites/package-http.InitSwagger","level":"info","msg":"Updated Swagger file %s\n./docs/swagger.json","time":"2025-07-03T23:48:29+05:00"}
{"file":"/home/user/go/pkg/mod/github.com/salamsites/package-http@v0.0.0-20250628132047-590dad0004a9/swagger.go:43","func":"github.com/salamsites/package-http.InitSwagger","level":"info","msg":"Updated Swagger file %s\n./docs/swagger.yaml","time":"2025-07-03T23:48:29+05:00"}
{"file":"/home/user/go/pkg/mod/github.com/salamsites/package-http@v0.0.0-20250628132047-590dad0004a9/swagger.go:46","func":"github.com/salamsites/package-http.InitSwagger","level":"info","msg":"All Swagger files updated successfully!","time":"2025-07-03T23:48:29+05:00"}
{"file":"/home/user/Desktop/sada/autotm-admin/cmd/main.go:53","func":"main.main","level":"info","msg":"psql client connected","time":"2025-07-03T23:48:30+05:00"}
{"file":"/home/user/Desktop/sada/autotm-admin/cmd/main.go:82","func":"main.main.func1","level":"info","msg":"Starting the server on port:8080","time":"2025-07-03T23:48:30+05:00"}
{"file":"/home/user/Desktop/sada/autotm-admin/cmd/main.go:90","func":"main.main","level":"info","msg":"Shutting down the server","time":"2025-07-03T23:50:25+05:00"}
{"file":"/home/user/Desktop/sada/autotm-admin/cmd/main.go:84","func":"main.main.func1","level":"error","msg":"ListenAndServe: %vhttp: Server closed","time":"2025-07-03T23:50:25+05:00"}
{"file":"/home/user/go/pkg/mod/github.com/salamsites/package-http@v0.0.0-20250628132047-590dad0004a9/swagger.go:43","func":"github.com/salamsites/package-http.InitSwagger","level":"info","msg":"Updated Swagger file %s\n./docs/docs.go","time":"2025-07-03T23:50:26+05:00"}
{"file":"/home/user/go/pkg/mod/github.com/salamsites/package-http@v0.0.0-20250628132047-590dad0004a9/swagger.go:43","func":"github.com/salamsites/package-http.InitSwagger","level":"info","msg":"Updated Swagger file %s\n./docs/swagger.json","time":"2025-07-03T23:50:26+05:00"}
{"file":"/home/user/go/pkg/mod/github.com/salamsites/package-http@v0.0.0-20250628132047-590dad0004a9/swagger.go:43","func":"github.com/salamsites/package-http.InitSwagger","level":"info","msg":"Updated Swagger file %s\n./docs/swagger.yaml","time":"2025-07-03T23:50:26+05:00"}
{"file":"/home/user/go/pkg/mod/github.com/salamsites/package-http@v0.0.0-20250628132047-590dad0004a9/swagger.go:46","func":"github.com/salamsites/package-http.InitSwagger","level":"info","msg":"All Swagger files updated successfully!","time":"2025-07-03T23:50:26+05:00"}
{"file":"/home/user/Desktop/sada/autotm-admin/cmd/main.go:53","func":"main.main","level":"info","msg":"psql client connected","time":"2025-07-03T23:50:28+05:00"}
{"file":"/home/user/Desktop/sada/autotm-admin/cmd/main.go:82","func":"main.main.func1","level":"info","msg":"Starting the server on port:8080","time":"2025-07-03T23:50:28+05:00"}
{"file":"/home/user/Desktop/sada/autotm-admin/cmd/main.go:90","func":"main.main","level":"info","msg":"Shutting down the server","time":"2025-07-03T23:51:07+05:00"}
{"file":"/home/user/Desktop/sada/autotm-admin/cmd/main.go:84","func":"main.main.func1","level":"error","msg":"ListenAndServe: %vhttp: Server closed","time":"2025-07-03T23:51:07+05:00"}
{"file":"/home/user/go/pkg/mod/github.com/salamsites/package-http@v0.0.0-20250628132047-590dad0004a9/swagger.go:43","func":"github.com/salamsites/package-http.InitSwagger","level":"info","msg":"Updated Swagger file %s\n./docs/docs.go","time":"2025-07-03T23:51:08+05:00"}
{"file":"/home/user/go/pkg/mod/github.com/salamsites/package-http@v0.0.0-20250628132047-590dad0004a9/swagger.go:43","func":"github.com/salamsites/package-http.InitSwagger","level":"info","msg":"Updated Swagger file %s\n./docs/swagger.json","time":"2025-07-03T23:51:08+05:00"}
{"file":"/home/user/go/pkg/mod/github.com/salamsites/package-http@v0.0.0-20250628132047-590dad0004a9/swagger.go:43","func":"github.com/salamsites/package-http.InitSwagger","level":"info","msg":"Updated Swagger file %s\n./docs/swagger.yaml","time":"2025-07-03T23:51:08+05:00"}
{"file":"/home/user/go/pkg/mod/github.com/salamsites/package-http@v0.0.0-20250628132047-590dad0004a9/swagger.go:46","func":"github.com/salamsites/package-http.InitSwagger","level":"info","msg":"All Swagger files updated successfully!","time":"2025-07-03T23:51:08+05:00"}
{"file":"/home/user/Desktop/sada/autotm-admin/cmd/main.go:53","func":"main.main","level":"info","msg":"psql client connected","time":"2025-07-03T23:51:09+05:00"}
{"file":"/home/user/Desktop/sada/autotm-admin/cmd/main.go:82","func":"main.main.func1","level":"info","msg":"Starting the server on port:8080","time":"2025-07-03T23:51:09+05:00"}
{"file":"/home/user/Desktop/sada/autotm-admin/cmd/main.go:90","func":"main.main","level":"info","msg":"Shutting down the server","time":"2025-07-04T00:09:10+05:00"}
{"file":"/home/user/Desktop/sada/autotm-admin/cmd/main.go:84","func":"main.main.func1","level":"error","msg":"ListenAndServe: %vhttp: Server closed","time":"2025-07-04T00:09:10+05:00"}
{"file":"/home/user/go/pkg/mod/github.com/salamsites/package-http@v0.0.0-20250628132047-590dad0004a9/swagger.go:43","func":"github.com/salamsites/package-http.InitSwagger","level":"info","msg":"Updated Swagger file %s\n./docs/docs.go","time":"2025-07-04T00:09:12+05:00"}
{"file":"/home/user/go/pkg/mod/github.com/salamsites/package-http@v0.0.0-20250628132047-590dad0004a9/swagger.go:43","func":"github.com/salamsites/package-http.InitSwagger","level":"info","msg":"Updated Swagger file %s\n./docs/swagger.json","time":"2025-07-04T00:09:12+05:00"}
{"file":"/home/user/go/pkg/mod/github.com/salamsites/package-http@v0.0.0-20250628132047-590dad0004a9/swagger.go:43","func":"github.com/salamsites/package-http.InitSwagger","level":"info","msg":"Updated Swagger file %s\n./docs/swagger.yaml","time":"2025-07-04T00:09:12+05:00"}
{"file":"/home/user/go/pkg/mod/github.com/salamsites/package-http@v0.0.0-20250628132047-590dad0004a9/swagger.go:46","func":"github.com/salamsites/package-http.InitSwagger","level":"info","msg":"All Swagger files updated successfully!","time":"2025-07-04T00:09:12+05:00"}
{"file":"/home/user/go/pkg/mod/github.com/salamsites/package-http@v0.0.0-20250628132047-590dad0004a9/swagger.go:43","func":"github.com/salamsites/package-http.InitSwagger","level":"info","msg":"Updated Swagger file %s\n./docs/docs.go","time":"2025-07-04T00:13:39+05:00"}
{"file":"/home/user/go/pkg/mod/github.com/salamsites/package-http@v0.0.0-20250628132047-590dad0004a9/swagger.go:43","func":"github.com/salamsites/package-http.InitSwagger","level":"info","msg":"Updated Swagger file %s\n./docs/swagger.json","time":"2025-07-04T00:13:39+05:00"}
{"file":"/home/user/go/pkg/mod/github.com/salamsites/package-http@v0.0.0-20250628132047-590dad0004a9/swagger.go:43","func":"github.com/salamsites/package-http.InitSwagger","level":"info","msg":"Updated Swagger file %s\n./docs/swagger.yaml","time":"2025-07-04T00:13:39+05:00"}
{"file":"/home/user/go/pkg/mod/github.com/salamsites/package-http@v0.0.0-20250628132047-590dad0004a9/swagger.go:46","func":"github.com/salamsites/package-http.InitSwagger","level":"info","msg":"All Swagger files updated successfully!","time":"2025-07-04T00:13:39+05:00"}
{"file":"/home/user/Desktop/sada/autotm-admin/cmd/main.go:53","func":"main.main","level":"info","msg":"psql client connected","time":"2025-07-04T00:13:40+05:00"}
{"file":"/home/user/Desktop/sada/autotm-admin/cmd/main.go:82","func":"main.main.func1","level":"info","msg":"Starting the server on port:8080","time":"2025-07-04T00:13:40+05:00"}
{"file":"/home/user/Desktop/sada/autotm-admin/internal/repository/brand_psql.go:193","func":"autotm-admin/internal/repository.(*BrandPsqlRepository).UpdateBrandModel","level":"error","msg":"update brand model err: no rows in result set","time":"2025-07-04T00:14:35+05:00"}
{"file":"/home/user/Desktop/sada/autotm-admin/internal/services/brand_service.go:200","func":"autotm-admin/internal/services.(*BrandService).UpdateBrandModel","level":"error","msg":"update brand model err: no rows in result set","time":"2025-07-04T00:14:35+05:00"}
{"file":"/home/user/Desktop/sada/autotm-admin/internal/handlers/http/brand.go:311","func":"autotm-admin/internal/handlers/http.(*BrandHandler).v1UpdateModel","level":"error","msg":"unable to update brand modelno rows in result set no rows in result set","time":"2025-07-04T00:14:35+05:00"}
{"file":"/home/user/Desktop/sada/autotm-admin/internal/repository/brand_psql.go:193","func":"autotm-admin/internal/repository.(*BrandPsqlRepository).UpdateBrandModel","level":"error","msg":"update brand model err: no rows in result set","time":"2025-07-04T00:16:14+05:00"}
{"file":"/home/user/Desktop/sada/autotm-admin/internal/services/brand_service.go:200","func":"autotm-admin/internal/services.(*BrandService).UpdateBrandModel","level":"error","msg":"update brand model err: no rows in result set","time":"2025-07-04T00:16:14+05:00"}
{"file":"/home/user/Desktop/sada/autotm-admin/internal/handlers/http/brand.go:311","func":"autotm-admin/internal/handlers/http.(*BrandHandler).v1UpdateModel","level":"error","msg":"unable to update brand modelno rows in result set no rows in result set","time":"2025-07-04T00:16:14+05:00"}
{"file":"/home/user/Desktop/sada/autotm-admin/internal/repository/brand_psql.go:193","func":"autotm-admin/internal/repository.(*BrandPsqlRepository).UpdateBrandModel","level":"error","msg":"update brand model err: no rows in result set","time":"2025-07-04T00:16:16+05:00"}
{"file":"/home/user/Desktop/sada/autotm-admin/internal/services/brand_service.go:200","func":"autotm-admin/internal/services.(*BrandService).UpdateBrandModel","level":"error","msg":"update brand model err: no rows in result set","time":"2025-07-04T00:16:16+05:00"}
{"file":"/home/user/Desktop/sada/autotm-admin/internal/handlers/http/brand.go:311","func":"autotm-admin/internal/handlers/http.(*BrandHandler).v1UpdateModel","level":"error","msg":"unable to update brand modelno rows in result set no rows in result set","time":"2025-07-04T00:16:16+05:00"}
{"file":"/home/user/Desktop/sada/autotm-admin/cmd/main.go:90","func":"main.main","level":"info","msg":"Shutting down the server","time":"2025-07-04T00:18:19+05:00"}
{"file":"/home/user/Desktop/sada/autotm-admin/cmd/main.go:84","func":"main.main.func1","level":"error","msg":"ListenAndServe: %vhttp: Server closed","time":"2025-07-04T00:18:19+05:00"}
{"file":"/home/user/go/pkg/mod/github.com/salamsites/package-http@v0.0.0-20250628132047-590dad0004a9/swagger.go:43","func":"github.com/salamsites/package-http.InitSwagger","level":"info","msg":"Updated Swagger file %s\n./docs/docs.go","time":"2025-07-04T00:18:20+05:00"}
{"file":"/home/user/go/pkg/mod/github.com/salamsites/package-http@v0.0.0-20250628132047-590dad0004a9/swagger.go:43","func":"github.com/salamsites/package-http.InitSwagger","level":"info","msg":"Updated Swagger file %s\n./docs/swagger.json","time":"2025-07-04T00:18:20+05:00"}
{"file":"/home/user/go/pkg/mod/github.com/salamsites/package-http@v0.0.0-20250628132047-590dad0004a9/swagger.go:43","func":"github.com/salamsites/package-http.InitSwagger","level":"info","msg":"Updated Swagger file %s\n./docs/swagger.yaml","time":"2025-07-04T00:18:20+05:00"}
{"file":"/home/user/go/pkg/mod/github.com/salamsites/package-http@v0.0.0-20250628132047-590dad0004a9/swagger.go:46","func":"github.com/salamsites/package-http.InitSwagger","level":"info","msg":"All Swagger files updated successfully!","time":"2025-07-04T00:18:20+05:00"}
{"file":"/home/user/Desktop/sada/autotm-admin/cmd/main.go:53","func":"main.main","level":"info","msg":"psql client connected","time":"2025-07-04T00:18:21+05:00"}
{"file":"/home/user/Desktop/sada/autotm-admin/cmd/main.go:82","func":"main.main.func1","level":"info","msg":"Starting the server on port:8080","time":"2025-07-04T00:18:21+05:00"}
{"file":"/home/user/Desktop/sada/autotm-admin/internal/repository/brand_psql.go:193","func":"autotm-admin/internal/repository.(*BrandPsqlRepository).UpdateBrandModel","level":"error","msg":"update brand model err: ERROR: insert or update on table \"brand_models\" violates foreign key constraint \"brand_id_fk\" (SQLSTATE 23503)","time":"2025-07-04T00:18:25+05:00"}
{"file":"/home/user/Desktop/sada/autotm-admin/internal/services/brand_service.go:200","func":"autotm-admin/internal/services.(*BrandService).UpdateBrandModel","level":"error","msg":"update brand model err: ERROR: insert or update on table \"brand_models\" violates foreign key constraint \"brand_id_fk\" (SQLSTATE 23503)","time":"2025-07-04T00:18:25+05:00"}
{"file":"/home/user/Desktop/sada/autotm-admin/internal/handlers/http/brand.go:311","func":"autotm-admin/internal/handlers/http.(*BrandHandler).v1UpdateModel","level":"error","msg":"unable to update brand modelERROR: insert or update on table \"brand_models\" violates foreign key constraint \"brand_id_fk\" (SQLSTATE 23503) ERROR: insert or update on table \"brand_models\" violates foreign key constraint \"brand_id_fk\" (SQLSTATE 23503)","time":"2025-07-04T00:18:25+05:00"}
{"file":"/home/user/Desktop/sada/autotm-admin/cmd/main.go:90","func":"main.main","level":"info","msg":"Shutting down the server","time":"2025-07-04T00:19:22+05:00"}
{"file":"/home/user/Desktop/sada/autotm-admin/cmd/main.go:84","func":"main.main.func1","level":"error","msg":"ListenAndServe: %vhttp: Server closed","time":"2025-07-04T00:19:22+05:00"}
{"file":"/home/user/go/pkg/mod/github.com/salamsites/package-http@v0.0.0-20250628132047-590dad0004a9/swagger.go:43","func":"github.com/salamsites/package-http.InitSwagger","level":"info","msg":"Updated Swagger file %s\n./docs/docs.go","time":"2025-07-04T00:19:23+05:00"}
{"file":"/home/user/go/pkg/mod/github.com/salamsites/package-http@v0.0.0-20250628132047-590dad0004a9/swagger.go:43","func":"github.com/salamsites/package-http.InitSwagger","level":"info","msg":"Updated Swagger file %s\n./docs/swagger.json","time":"2025-07-04T00:19:23+05:00"}
{"file":"/home/user/go/pkg/mod/github.com/salamsites/package-http@v0.0.0-20250628132047-590dad0004a9/swagger.go:43","func":"github.com/salamsites/package-http.InitSwagger","level":"info","msg":"Updated Swagger file %s\n./docs/swagger.yaml","time":"2025-07-04T00:19:23+05:00"}
{"file":"/home/user/go/pkg/mod/github.com/salamsites/package-http@v0.0.0-20250628132047-590dad0004a9/swagger.go:46","func":"github.com/salamsites/package-http.InitSwagger","level":"info","msg":"All Swagger files updated successfully!","time":"2025-07-04T00:19:23+05:00"}
{"file":"/home/user/Desktop/sada/autotm-admin/cmd/main.go:53","func":"main.main","level":"info","msg":"psql client connected","time":"2025-07-04T00:19:24+05:00"}
{"file":"/home/user/Desktop/sada/autotm-admin/cmd/main.go:82","func":"main.main.func1","level":"info","msg":"Starting the server on port:8080","time":"2025-07-04T00:19:24+05:00"}
{"file":"/home/user/Desktop/sada/autotm-admin/internal/repository/brand_psql.go:193","func":"autotm-admin/internal/repository.(*BrandPsqlRepository).UpdateBrandModel","level":"error","msg":"update brand model err: ERROR: insert or update on table \"brand_models\" violates foreign key constraint \"brand_id_fk\" (SQLSTATE 23503)","time":"2025-07-04T00:19:27+05:00"}
{"file":"/home/user/Desktop/sada/autotm-admin/internal/services/brand_service.go:200","func":"autotm-admin/internal/services.(*BrandService).UpdateBrandModel","level":"error","msg":"update brand model err: ERROR: insert or update on table \"brand_models\" violates foreign key constraint \"brand_id_fk\" (SQLSTATE 23503)","time":"2025-07-04T00:19:27+05:00"}
{"file":"/home/user/Desktop/sada/autotm-admin/internal/handlers/http/brand.go:311","func":"autotm-admin/internal/handlers/http.(*BrandHandler).v1UpdateModel","level":"error","msg":"unable to update brand modelERROR: insert or update on table \"brand_models\" violates foreign key constraint \"brand_id_fk\" (SQLSTATE 23503) ERROR: insert or update on table \"brand_models\" violates foreign key constraint \"brand_id_fk\" (SQLSTATE 23503)","time":"2025-07-04T00:19:27+05:00"}
{"file":"/home/user/Desktop/sada/autotm-admin/internal/repository/brand_psql.go:193","func":"autotm-admin/internal/repository.(*BrandPsqlRepository).UpdateBrandModel","level":"error","msg":"update brand model err: ERROR: insert or update on table \"brand_models\" violates foreign key constraint \"brand_id_fk\" (SQLSTATE 23503)","time":"2025-07-04T00:25:25+05:00"}
{"file":"/home/user/Desktop/sada/autotm-admin/internal/services/brand_service.go:200","func":"autotm-admin/internal/services.(*BrandService).UpdateBrandModel","level":"error","msg":"update brand model err: ERROR: insert or update on table \"brand_models\" violates foreign key constraint \"brand_id_fk\" (SQLSTATE 23503)","time":"2025-07-04T00:25:25+05:00"}
{"file":"/home/user/Desktop/sada/autotm-admin/internal/handlers/http/brand.go:311","func":"autotm-admin/internal/handlers/http.(*BrandHandler).v1UpdateModel","level":"error","msg":"unable to update brand modelERROR: insert or update on table \"brand_models\" violates foreign key constraint \"brand_id_fk\" (SQLSTATE 23503) ERROR: insert or update on table \"brand_models\" violates foreign key constraint \"brand_id_fk\" (SQLSTATE 23503)","time":"2025-07-04T00:25:25+05:00"}
{"file":"/home/user/Desktop/sada/autotm-admin/internal/repository/brand_psql.go:193","func":"autotm-admin/internal/repository.(*BrandPsqlRepository).UpdateBrandModel","level":"error","msg":"update brand model err: ERROR: insert or update on table \"brand_models\" violates foreign key constraint \"brand_id_fk\" (SQLSTATE 23503)","time":"2025-07-04T00:27:58+05:00"}
{"file":"/home/user/Desktop/sada/autotm-admin/internal/services/brand_service.go:200","func":"autotm-admin/internal/services.(*BrandService).UpdateBrandModel","level":"error","msg":"update brand model err: ERROR: insert or update on table \"brand_models\" violates foreign key constraint \"brand_id_fk\" (SQLSTATE 23503)","time":"2025-07-04T00:27:58+05:00"}
{"file":"/home/user/Desktop/sada/autotm-admin/internal/handlers/http/brand.go:311","func":"autotm-admin/internal/handlers/http.(*BrandHandler).v1UpdateModel","level":"error","msg":"unable to update brand modelERROR: insert or update on table \"brand_models\" violates foreign key constraint \"brand_id_fk\" (SQLSTATE 23503) ERROR: insert or update on table \"brand_models\" violates foreign key constraint \"brand_id_fk\" (SQLSTATE 23503)","time":"2025-07-04T00:27:58+05:00"}
{"file":"/home/user/Desktop/sada/autotm-admin/internal/repository/brand_psql.go:193","func":"autotm-admin/internal/repository.(*BrandPsqlRepository).UpdateBrandModel","level":"error","msg":"update brand model err: ERROR: insert or update on table \"brand_models\" violates foreign key constraint \"brand_id_fk\" (SQLSTATE 23503)","time":"2025-07-04T00:28:34+05:00"}
{"file":"/home/user/Desktop/sada/autotm-admin/internal/services/brand_service.go:200","func":"autotm-admin/internal/services.(*BrandService).UpdateBrandModel","level":"error","msg":"update brand model err: ERROR: insert or update on table \"brand_models\" violates foreign key constraint \"brand_id_fk\" (SQLSTATE 23503)","time":"2025-07-04T00:28:34+05:00"}
{"file":"/home/user/Desktop/sada/autotm-admin/internal/handlers/http/brand.go:311","func":"autotm-admin/internal/handlers/http.(*BrandHandler).v1UpdateModel","level":"error","msg":"unable to update brand modelERROR: insert or update on table \"brand_models\" violates foreign key constraint \"brand_id_fk\" (SQLSTATE 23503) ERROR: insert or update on table \"brand_models\" violates foreign key constraint \"brand_id_fk\" (SQLSTATE 23503)","time":"2025-07-04T00:28:34+05:00"}
{"file":"/home/user/Desktop/sada/autotm-admin/cmd/main.go:90","func":"main.main","level":"info","msg":"Shutting down the server","time":"2025-07-04T00:35:08+05:00"}
{"file":"/home/user/Desktop/sada/autotm-admin/cmd/main.go:84","func":"main.main.func1","level":"error","msg":"ListenAndServe: %vhttp: Server closed","time":"2025-07-04T00:35:08+05:00"}
{"file":"/home/user/go/pkg/mod/github.com/salamsites/package-http@v0.0.0-20250628132047-590dad0004a9/swagger.go:43","func":"github.com/salamsites/package-http.InitSwagger","level":"info","msg":"Updated Swagger file %s\n./docs/docs.go","time":"2025-07-04T00:35:09+05:00"}
{"file":"/home/user/go/pkg/mod/github.com/salamsites/package-http@v0.0.0-20250628132047-590dad0004a9/swagger.go:43","func":"github.com/salamsites/package-http.InitSwagger","level":"info","msg":"Updated Swagger file %s\n./docs/swagger.json","time":"2025-07-04T00:35:09+05:00"}
{"file":"/home/user/go/pkg/mod/github.com/salamsites/package-http@v0.0.0-20250628132047-590dad0004a9/swagger.go:43","func":"github.com/salamsites/package-http.InitSwagger","level":"info","msg":"Updated Swagger file %s\n./docs/swagger.yaml","time":"2025-07-04T00:35:09+05:00"}
{"file":"/home/user/go/pkg/mod/github.com/salamsites/package-http@v0.0.0-20250628132047-590dad0004a9/swagger.go:46","func":"github.com/salamsites/package-http.InitSwagger","level":"info","msg":"All Swagger files updated successfully!","time":"2025-07-04T00:35:09+05:00"}
{"file":"/home/user/Desktop/sada/autotm-admin/cmd/main.go:53","func":"main.main","level":"info","msg":"psql client connected","time":"2025-07-04T00:35:11+05:00"}
{"file":"/home/user/Desktop/sada/autotm-admin/cmd/main.go:82","func":"main.main.func1","level":"info","msg":"Starting the server on port:8080","time":"2025-07-04T00:35:11+05:00"}
{"file":"/home/user/go/pkg/mod/github.com/salamsites/package-http@v0.0.0-20250628132047-590dad0004a9/swagger.go:43","func":"github.com/salamsites/package-http.InitSwagger","level":"info","msg":"Updated Swagger file %s\n./docs/docs.go","time":"2025-07-04T00:37:04+05:00"}
{"file":"/home/user/go/pkg/mod/github.com/salamsites/package-http@v0.0.0-20250628132047-590dad0004a9/swagger.go:43","func":"github.com/salamsites/package-http.InitSwagger","level":"info","msg":"Updated Swagger file %s\n./docs/swagger.json","time":"2025-07-04T00:37:04+05:00"}
{"file":"/home/user/go/pkg/mod/github.com/salamsites/package-http@v0.0.0-20250628132047-590dad0004a9/swagger.go:43","func":"github.com/salamsites/package-http.InitSwagger","level":"info","msg":"Updated Swagger file %s\n./docs/swagger.yaml","time":"2025-07-04T00:37:04+05:00"}
{"file":"/home/user/go/pkg/mod/github.com/salamsites/package-http@v0.0.0-20250628132047-590dad0004a9/swagger.go:46","func":"github.com/salamsites/package-http.InitSwagger","level":"info","msg":"All Swagger files updated successfully!","time":"2025-07-04T00:37:04+05:00"}
{"file":"/home/user/Desktop/sada/autotm-admin/cmd/main.go:53","func":"main.main","level":"info","msg":"psql client connected","time":"2025-07-04T00:37:05+05:00"}
{"file":"/home/user/Desktop/sada/autotm-admin/cmd/main.go:82","func":"main.main.func1","level":"info","msg":"Starting the server on port:8080","time":"2025-07-04T00:37:05+05:00"}
{"file":"/home/user/go/pkg/mod/github.com/salamsites/package-http@v0.0.0-20250628132047-590dad0004a9/swagger.go:43","func":"github.com/salamsites/package-http.InitSwagger","level":"info","msg":"Updated Swagger file %s\n./docs/docs.go","time":"2025-07-04T13:58:13+05:00"}
{"file":"/home/user/go/pkg/mod/github.com/salamsites/package-http@v0.0.0-20250628132047-590dad0004a9/swagger.go:43","func":"github.com/salamsites/package-http.InitSwagger","level":"info","msg":"Updated Swagger file %s\n./docs/swagger.json","time":"2025-07-04T13:58:13+05:00"}
{"file":"/home/user/go/pkg/mod/github.com/salamsites/package-http@v0.0.0-20250628132047-590dad0004a9/swagger.go:43","func":"github.com/salamsites/package-http.InitSwagger","level":"info","msg":"Updated Swagger file %s\n./docs/swagger.yaml","time":"2025-07-04T13:58:13+05:00"}
{"file":"/home/user/go/pkg/mod/github.com/salamsites/package-http@v0.0.0-20250628132047-590dad0004a9/swagger.go:46","func":"github.com/salamsites/package-http.InitSwagger","level":"info","msg":"All Swagger files updated successfully!","time":"2025-07-04T13:58:13+05:00"}
{"file":"/home/user/Desktop/sada/autotm-admin/cmd/main.go:53","func":"main.main","level":"info","msg":"psql client connected","time":"2025-07-04T13:58:14+05:00"}
{"file":"/home/user/Desktop/sada/autotm-admin/cmd/main.go:82","func":"main.main.func1","level":"info","msg":"Starting the server on port:8080","time":"2025-07-04T13:58:14+05:00"}
{"file":"/home/user/Desktop/sada/autotm-admin/internal/repository/brand_psql.go:193","func":"autotm-admin/internal/repository.(*BrandPsqlRepository).UpdateBrandModel","level":"error","msg":"update brand model err: ERROR: insert or update on table \"brand_models\" violates foreign key constraint \"brand_id_fk\" (SQLSTATE 23503)","time":"2025-07-04T13:59:38+05:00"}
{"file":"/home/user/Desktop/sada/autotm-admin/internal/services/brand_service.go:200","func":"autotm-admin/internal/services.(*BrandService).UpdateBrandModel","level":"error","msg":"update brand model err: ERROR: insert or update on table \"brand_models\" violates foreign key constraint \"brand_id_fk\" (SQLSTATE 23503)","time":"2025-07-04T13:59:38+05:00"}
{"file":"/home/user/Desktop/sada/autotm-admin/internal/handlers/http/brand.go:312","func":"autotm-admin/internal/handlers/http.(*BrandHandler).v1UpdateModel","level":"error","msg":"unable to update brand modelERROR: insert or update on table \"brand_models\" violates foreign key constraint \"brand_id_fk\" (SQLSTATE 23503) ERROR: insert or update on table \"brand_models\" violates foreign key constraint \"brand_id_fk\" (SQLSTATE 23503)","time":"2025-07-04T13:59:38+05:00"}
{"file":"/home/user/Desktop/sada/autotm-admin/internal/repository/brand_psql.go:211","func":"autotm-admin/internal/repository.(*BrandPsqlRepository).GetBrandModelByID","level":"error","msg":"get brand model by id query err : no rows in result set","time":"2025-07-04T14:03:35+05:00"}
{"file":"/home/user/Desktop/sada/autotm-admin/internal/services/brand_service.go:182","func":"autotm-admin/internal/services.(*BrandService).UpdateBrandModel","level":"error","msg":"get old brand model err: no rows in result set","time":"2025-07-04T14:03:35+05:00"}
{"file":"/home/user/Desktop/sada/autotm-admin/internal/handlers/http/brand.go:312","func":"autotm-admin/internal/handlers/http.(*BrandHandler).v1UpdateModel","level":"error","msg":"unable to update brand modelno rows in result set no rows in result set","time":"2025-07-04T14:03:35+05:00"}
{"file":"/home/user/Desktop/sada/autotm-admin/cmd/main.go:90","func":"main.main","level":"info","msg":"Shutting down the server","time":"2025-07-04T14:16:39+05:00"}
{"file":"/home/user/Desktop/sada/autotm-admin/cmd/main.go:84","func":"main.main.func1","level":"error","msg":"ListenAndServe: %vhttp: Server closed","time":"2025-07-04T14:16:39+05:00"}
{"file":"/home/user/go/pkg/mod/github.com/salamsites/package-http@v0.0.0-20250628132047-590dad0004a9/swagger.go:43","func":"github.com/salamsites/package-http.InitSwagger","level":"info","msg":"Updated Swagger file %s\n./docs/docs.go","time":"2025-07-04T14:16:40+05:00"}
{"file":"/home/user/go/pkg/mod/github.com/salamsites/package-http@v0.0.0-20250628132047-590dad0004a9/swagger.go:43","func":"github.com/salamsites/package-http.InitSwagger","level":"info","msg":"Updated Swagger file %s\n./docs/swagger.json","time":"2025-07-04T14:16:40+05:00"}
{"file":"/home/user/go/pkg/mod/github.com/salamsites/package-http@v0.0.0-20250628132047-590dad0004a9/swagger.go:43","func":"github.com/salamsites/package-http.InitSwagger","level":"info","msg":"Updated Swagger file %s\n./docs/swagger.yaml","time":"2025-07-04T14:16:40+05:00"}
{"file":"/home/user/go/pkg/mod/github.com/salamsites/package-http@v0.0.0-20250628132047-590dad0004a9/swagger.go:46","func":"github.com/salamsites/package-http.InitSwagger","level":"info","msg":"All Swagger files updated successfully!","time":"2025-07-04T14:16:40+05:00"}
{"file":"/home/user/Desktop/sada/autotm-admin/cmd/main.go:53","func":"main.main","level":"info","msg":"psql client connected","time":"2025-07-04T14:16:41+05:00"}
{"file":"/home/user/Desktop/sada/autotm-admin/cmd/main.go:82","func":"main.main.func1","level":"info","msg":"Starting the server on port:8080","time":"2025-07-04T14:16:41+05:00"}
{"file":"/home/user/Desktop/sada/autotm-admin/internal/repository/brand_psql.go:193","func":"autotm-admin/internal/repository.(*BrandPsqlRepository).UpdateBrandModel","level":"error","msg":"update brand model err: ERROR: insert or update on table \"brand_models\" violates foreign key constraint \"brand_id_fk\" (SQLSTATE 23503)","time":"2025-07-04T14:20:48+05:00"}
{"file":"/home/user/Desktop/sada/autotm-admin/internal/services/brand_service.go:200","func":"autotm-admin/internal/services.(*BrandService).UpdateBrandModel","level":"error","msg":"update brand model err: ERROR: insert or update on table \"brand_models\" violates foreign key constraint \"brand_id_fk\" (SQLSTATE 23503)","time":"2025-07-04T14:20:48+05:00"}
{"file":"/home/user/Desktop/sada/autotm-admin/internal/handlers/http/brand.go:312","func":"autotm-admin/internal/handlers/http.(*BrandHandler).v1UpdateModel","level":"error","msg":"unable to update brand modelERROR: insert or update on table \"brand_models\" violates foreign key constraint \"brand_id_fk\" (SQLSTATE 23503) ERROR: insert or update on table \"brand_models\" violates foreign key constraint \"brand_id_fk\" (SQLSTATE 23503)","time":"2025-07-04T14:20:48+05:00"}
{"file":"/home/user/Desktop/sada/autotm-admin/cmd/main.go:90","func":"main.main","level":"info","msg":"Shutting down the server","time":"2025-07-04T14:25:57+05:00"}
{"file":"/home/user/Desktop/sada/autotm-admin/cmd/main.go:84","func":"main.main.func1","level":"error","msg":"ListenAndServe: %vhttp: Server closed","time":"2025-07-04T14:25:57+05:00"}
{"file":"/home/user/go/pkg/mod/github.com/salamsites/package-http@v0.0.0-20250628132047-590dad0004a9/swagger.go:43","func":"github.com/salamsites/package-http.InitSwagger","level":"info","msg":"Updated Swagger file %s\n./docs/docs.go","time":"2025-07-04T14:25:57+05:00"}
{"file":"/home/user/go/pkg/mod/github.com/salamsites/package-http@v0.0.0-20250628132047-590dad0004a9/swagger.go:43","func":"github.com/salamsites/package-http.InitSwagger","level":"info","msg":"Updated Swagger file %s\n./docs/swagger.json","time":"2025-07-04T14:25:57+05:00"}
{"file":"/home/user/go/pkg/mod/github.com/salamsites/package-http@v0.0.0-20250628132047-590dad0004a9/swagger.go:43","func":"github.com/salamsites/package-http.InitSwagger","level":"info","msg":"Updated Swagger file %s\n./docs/swagger.yaml","time":"2025-07-04T14:25:57+05:00"}
{"file":"/home/user/go/pkg/mod/github.com/salamsites/package-http@v0.0.0-20250628132047-590dad0004a9/swagger.go:46","func":"github.com/salamsites/package-http.InitSwagger","level":"info","msg":"All Swagger files updated successfully!","time":"2025-07-04T14:25:57+05:00"}
{"file":"/home/user/go/pkg/mod/github.com/salamsites/package-http@v0.0.0-20250628132047-590dad0004a9/swagger.go:43","func":"github.com/salamsites/package-http.InitSwagger","level":"info","msg":"Updated Swagger file %s\n./docs/docs.go","time":"2025-07-04T14:26:10+05:00"}
{"file":"/home/user/go/pkg/mod/github.com/salamsites/package-http@v0.0.0-20250628132047-590dad0004a9/swagger.go:43","func":"github.com/salamsites/package-http.InitSwagger","level":"info","msg":"Updated Swagger file %s\n./docs/swagger.json","time":"2025-07-04T14:26:10+05:00"}
{"file":"/home/user/go/pkg/mod/github.com/salamsites/package-http@v0.0.0-20250628132047-590dad0004a9/swagger.go:43","func":"github.com/salamsites/package-http.InitSwagger","level":"info","msg":"Updated Swagger file %s\n./docs/swagger.yaml","time":"2025-07-04T14:26:10+05:00"}
{"file":"/home/user/go/pkg/mod/github.com/salamsites/package-http@v0.0.0-20250628132047-590dad0004a9/swagger.go:46","func":"github.com/salamsites/package-http.InitSwagger","level":"info","msg":"All Swagger files updated successfully!","time":"2025-07-04T14:26:10+05:00"}
{"file":"/home/user/Desktop/sada/autotm-admin/cmd/main.go:53","func":"main.main","level":"info","msg":"psql client connected","time":"2025-07-04T14:26:12+05:00"}
{"file":"/home/user/Desktop/sada/autotm-admin/cmd/main.go:82","func":"main.main.func1","level":"info","msg":"Starting the server on port:8080","time":"2025-07-04T14:26:12+05:00"}
{"file":"/home/user/Desktop/sada/autotm-admin/internal/repository/brand_psql.go:194","func":"autotm-admin/internal/repository.(*BrandPsqlRepository).UpdateBrandModel","level":"warning","msg":"brand_id 0 does not exist in brands table","time":"2025-07-04T14:26:17+05:00"}
{"file":"/home/user/Desktop/sada/autotm-admin/internal/services/brand_service.go:200","func":"autotm-admin/internal/services.(*BrandService).UpdateBrandModel","level":"error","msg":"update brand model err: brand_id 0 does not exist","time":"2025-07-04T14:26:17+05:00"}
{"file":"/home/user/Desktop/sada/autotm-admin/internal/handlers/http/brand.go:312","func":"autotm-admin/internal/handlers/http.(*BrandHandler).v1UpdateModel","level":"error","msg":"unable to update brand modelbrand_id 0 does not exist brand_id 0 does not exist","time":"2025-07-04T14:26:17+05:00"}
{"file":"/home/user/Desktop/sada/autotm-admin/cmd/main.go:90","func":"main.main","level":"info","msg":"Shutting down the server","time":"2025-07-04T14:27:57+05:00"}
{"file":"/home/user/Desktop/sada/autotm-admin/cmd/main.go:84","func":"main.main.func1","level":"error","msg":"ListenAndServe: %vhttp: Server closed","time":"2025-07-04T14:27:57+05:00"}
{"file":"/home/user/go/pkg/mod/github.com/salamsites/package-http@v0.0.0-20250628132047-590dad0004a9/swagger.go:43","func":"github.com/salamsites/package-http.InitSwagger","level":"info","msg":"Updated Swagger file %s\n./docs/docs.go","time":"2025-07-04T14:27:58+05:00"}
{"file":"/home/user/go/pkg/mod/github.com/salamsites/package-http@v0.0.0-20250628132047-590dad0004a9/swagger.go:43","func":"github.com/salamsites/package-http.InitSwagger","level":"info","msg":"Updated Swagger file %s\n./docs/swagger.json","time":"2025-07-04T14:27:58+05:00"}
{"file":"/home/user/go/pkg/mod/github.com/salamsites/package-http@v0.0.0-20250628132047-590dad0004a9/swagger.go:43","func":"github.com/salamsites/package-http.InitSwagger","level":"info","msg":"Updated Swagger file %s\n./docs/swagger.yaml","time":"2025-07-04T14:27:58+05:00"}
{"file":"/home/user/go/pkg/mod/github.com/salamsites/package-http@v0.0.0-20250628132047-590dad0004a9/swagger.go:46","func":"github.com/salamsites/package-http.InitSwagger","level":"info","msg":"All Swagger files updated successfully!","time":"2025-07-04T14:27:58+05:00"}
{"file":"/home/user/Desktop/sada/autotm-admin/cmd/main.go:53","func":"main.main","level":"info","msg":"psql client connected","time":"2025-07-04T14:27:59+05:00"}
{"file":"/home/user/Desktop/sada/autotm-admin/cmd/main.go:82","func":"main.main.func1","level":"info","msg":"Starting the server on port:8080","time":"2025-07-04T14:27:59+05:00"}
{"file":"/home/user/Desktop/sada/autotm-admin/cmd/main.go:90","func":"main.main","level":"info","msg":"Shutting down the server","time":"2025-07-04T14:28:43+05:00"}
{"file":"/home/user/Desktop/sada/autotm-admin/cmd/main.go:84","func":"main.main.func1","level":"error","msg":"ListenAndServe: %vhttp: Server closed","time":"2025-07-04T14:28:43+05:00"}
